<?xml version="1.0" encoding="UTF-8"?>
<robot generator="Robot 5.0.1 (Python 3.10.7 on win32)" generated="20240112 10:50:28.707" rpa="false" schemaversion="3">
<suite id="s1" name="Suites" source="C:\Users\AVOWS\Desktop\Sanber52-Quiz4-Kelompok2\suites">
<suite id="s1-s1" name="bookFlight" source="C:\Users\AVOWS\Desktop\Sanber52-Quiz4-Kelompok2\suites\bookFlight.robot">
<test id="s1-s1-t1" name="TC001 Verify Success Book One Way Flight" line="15">
<kw name="Run Keywords" library="BuiltIn" type="SETUP">
<arg>Open NG Apps</arg>
<arg>Sign In With Valid Username and Password</arg>
<doc>Executes all the given keywords in a sequence.</doc>
<kw name="Open NG Apps" library="base">
<kw name="Open Application" library="AppiumLibrary">
<arg>remote_url=${REMOTE_URL}</arg>
<arg>platformName=${PLATFORM_NAME}</arg>
<arg>platformVersion=${PLATFORM_VERSION}</arg>
<arg>deviceName=${DEVICE_NAME}</arg>
<arg>appPackage=${APP_PACKAGE}</arg>
<arg>appActivity=${APP_ACTIVITY}</arg>
<doc>Opens a new application to given Appium server.
Capabilities of appium server, Android and iOS,
Please check https://github.com/appium/appium/blob/master/docs/en/writing-running-appium/server-args.md
| *Option*            | *Man.* | *Description*     |
| remote_url          | Yes    | Appium server url |
| alias               | no     | alias             |</doc>
<status status="PASS" starttime="20240112 10:50:28.935" endtime="20240112 10:50:36.943"/>
</kw>
<status status="PASS" starttime="20240112 10:50:28.935" endtime="20240112 10:50:36.944"/>
</kw>
<kw name="Sign In With Valid Username and Password" library="loginPage">
<kw name="Verify Home Page" library="homePage">
<kw name="Wait Until Element Is Visible" library="AppiumLibrary">
<arg>${homePage}</arg>
<doc>Waits until element specified with `locator` is visible.</doc>
<status status="PASS" starttime="20240112 10:50:36.945" endtime="20240112 10:50:38.064"/>
</kw>
<kw name="Element Should Be Visible" library="AppiumLibrary">
<arg>${bookButton}</arg>
<doc>Verifies that element identified with locator is visible.</doc>
<status status="PASS" starttime="20240112 10:50:38.064" endtime="20240112 10:50:38.141"/>
</kw>
<kw name="Element Should Be Visible" library="AppiumLibrary">
<arg>${searchButton}</arg>
<doc>Verifies that element identified with locator is visible.</doc>
<status status="PASS" starttime="20240112 10:50:38.141" endtime="20240112 10:50:38.221"/>
</kw>
<kw name="Element Should Be Visible" library="AppiumLibrary">
<arg>${checkInButton}</arg>
<doc>Verifies that element identified with locator is visible.</doc>
<status status="PASS" starttime="20240112 10:50:38.221" endtime="20240112 10:50:38.298"/>
</kw>
<status status="PASS" starttime="20240112 10:50:36.945" endtime="20240112 10:50:38.298"/>
</kw>
<kw name="Click Sign In Button On Home Page" library="homePage">
<kw name="Wait Until Element Is Visible" library="AppiumLibrary">
<arg>${loginButton}</arg>
<doc>Waits until element specified with `locator` is visible.</doc>
<status status="PASS" starttime="20240112 10:50:38.298" endtime="20240112 10:50:38.381"/>
</kw>
<kw name="Click Element" library="AppiumLibrary">
<arg>${loginButton}</arg>
<doc>Click element identified by `locator`.</doc>
<msg timestamp="20240112 10:50:38.385" level="INFO">Clicking element '//android.widget.Button[@resource-id="com.example.myapplication:id/login"]'.</msg>
<status status="PASS" starttime="20240112 10:50:38.381" endtime="20240112 10:50:38.506"/>
</kw>
<status status="PASS" starttime="20240112 10:50:38.298" endtime="20240112 10:50:38.507"/>
</kw>
<kw name="Verify signIn Page" library="loginPage">
<kw name="Wait Until Element Is Visible" library="AppiumLibrary">
<arg>${fieldUsername}</arg>
<doc>Waits until element specified with `locator` is visible.</doc>
<status status="PASS" starttime="20240112 10:50:38.507" endtime="20240112 10:50:39.289"/>
</kw>
<kw name="Wait Until Element Is Visible" library="AppiumLibrary">
<arg>${fieldPassword}</arg>
<doc>Waits until element specified with `locator` is visible.</doc>
<status status="PASS" starttime="20240112 10:50:39.289" endtime="20240112 10:50:39.365"/>
</kw>
<kw name="Wait Until Element Is Visible" library="AppiumLibrary">
<arg>${SignInButton}</arg>
<doc>Waits until element specified with `locator` is visible.</doc>
<status status="PASS" starttime="20240112 10:50:39.365" endtime="20240112 10:50:39.437"/>
</kw>
<kw name="Page Should Contain Text" library="AppiumLibrary">
<arg>${TEXT1}</arg>
<doc>Verifies that current page contains `text`.</doc>
<msg timestamp="20240112 10:50:39.492" level="INFO">Current page contains text 'Enter username'.</msg>
<status status="PASS" starttime="20240112 10:50:39.437" endtime="20240112 10:50:39.492"/>
</kw>
<kw name="Page Should Contain Text" library="AppiumLibrary">
<arg>${TEXT2}</arg>
<doc>Verifies that current page contains `text`.</doc>
<msg timestamp="20240112 10:50:39.534" level="INFO">Current page contains text 'Enter password'.</msg>
<status status="PASS" starttime="20240112 10:50:39.492" endtime="20240112 10:50:39.534"/>
</kw>
<kw name="Element Should Be Enabled" library="AppiumLibrary">
<arg>${SignInButton}</arg>
<doc>Verifies that element identified with locator is enabled.</doc>
<msg timestamp="20240112 10:50:39.610" level="INFO">Element '//android.widget.Button[@resource-id="com.example.myapplication:id/signIn"]' is enabled .</msg>
<status status="PASS" starttime="20240112 10:50:39.534" endtime="20240112 10:50:39.610"/>
</kw>
<status status="PASS" starttime="20240112 10:50:38.507" endtime="20240112 10:50:39.610"/>
</kw>
<kw name="Input Username for Login" library="loginPage">
<arg>${email}</arg>
<kw name="Input Text" library="AppiumLibrary">
<arg>${fieldUsername}</arg>
<arg>${username}</arg>
<doc>Types the given `text` into text field identified by `locator`.</doc>
<msg timestamp="20240112 10:50:39.616" level="INFO">Typing text 'support@ngendigital.com' into text field '//android.widget.EditText[@resource-id="com.example.myapplication:id/username"]'</msg>
<status status="PASS" starttime="20240112 10:50:39.610" endtime="20240112 10:50:39.715"/>
</kw>
<status status="PASS" starttime="20240112 10:50:39.610" endtime="20240112 10:50:39.715"/>
</kw>
<kw name="Input Password for Login" library="loginPage">
<arg>${password}</arg>
<kw name="Input Text" library="AppiumLibrary">
<arg>${fieldPassword}</arg>
<arg>${password}</arg>
<doc>Types the given `text` into text field identified by `locator`.</doc>
<msg timestamp="20240112 10:50:39.722" level="INFO">Typing text 'abc123' into text field '//android.widget.EditText[@resource-id="com.example.myapplication:id/password"]'</msg>
<status status="PASS" starttime="20240112 10:50:39.716" endtime="20240112 10:50:40.278"/>
</kw>
<status status="PASS" starttime="20240112 10:50:39.715" endtime="20240112 10:50:40.278"/>
</kw>
<kw name="Click Button Sign In" library="loginPage">
<kw name="Click Element" library="AppiumLibrary">
<arg>${SignInButton}</arg>
<doc>Click element identified by `locator`.</doc>
<msg timestamp="20240112 10:50:40.286" level="INFO">Clicking element '//android.widget.Button[@resource-id="com.example.myapplication:id/signIn"]'.</msg>
<status status="PASS" starttime="20240112 10:50:40.279" endtime="20240112 10:50:40.907"/>
</kw>
<status status="PASS" starttime="20240112 10:50:40.279" endtime="20240112 10:50:40.908"/>
</kw>
<status status="PASS" starttime="20240112 10:50:36.944" endtime="20240112 10:50:40.908"/>
</kw>
<status status="PASS" starttime="20240112 10:50:28.935" endtime="20240112 10:50:40.908"/>
</kw>
<kw name="Verify Book Button Appears" library="bookPage">
<kw name="Wait Until Element Is Visible" library="AppiumLibrary">
<arg>${userLogin}</arg>
<doc>Waits until element specified with `locator` is visible.</doc>
<status status="PASS" starttime="20240112 10:50:40.909" endtime="20240112 10:50:41.676"/>
</kw>
<kw name="Wait Until Element Is Visible" library="AppiumLibrary">
<arg>${buttonBook}</arg>
<doc>Waits until element specified with `locator` is visible.</doc>
<status status="PASS" starttime="20240112 10:50:41.677" endtime="20240112 10:50:41.757"/>
</kw>
<kw name="Wait Until Element Is Visible" library="AppiumLibrary">
<arg>${buttonBook}</arg>
<doc>Waits until element specified with `locator` is visible.</doc>
<status status="PASS" starttime="20240112 10:50:41.757" endtime="20240112 10:50:41.847"/>
</kw>
<kw name="Wait Until Element Is Visible" library="AppiumLibrary">
<arg>${buttonSearch}</arg>
<doc>Waits until element specified with `locator` is visible.</doc>
<status status="PASS" starttime="20240112 10:50:41.847" endtime="20240112 10:50:41.926"/>
</kw>
<kw name="Wait Until Element Is Visible" library="AppiumLibrary">
<arg>${buttonCheckin}</arg>
<doc>Waits until element specified with `locator` is visible.</doc>
<status status="PASS" starttime="20240112 10:50:41.926" endtime="20240112 10:50:41.998"/>
</kw>
<status status="PASS" starttime="20240112 10:50:40.909" endtime="20240112 10:50:41.998"/>
</kw>
<kw name="Click Button Book" library="bookPage">
<kw name="Click Element" library="AppiumLibrary">
<arg>${buttonBook}</arg>
<doc>Click element identified by `locator`.</doc>
<msg timestamp="20240112 10:50:42.007" level="INFO">Clicking element '//android.widget.Button[@resource-id="com.example.myapplication:id/book"]'.</msg>
<status status="PASS" starttime="20240112 10:50:42.000" endtime="20240112 10:50:42.138"/>
</kw>
<status status="PASS" starttime="20240112 10:50:41.999" endtime="20240112 10:50:42.139"/>
</kw>
<kw name="Verify Screen Book Flight" library="bookPage">
<kw name="Wait Until Element Is Visible" library="AppiumLibrary">
<arg>${buttonOneWay}</arg>
<doc>Waits until element specified with `locator` is visible.</doc>
<status status="PASS" starttime="20240112 10:50:42.140" endtime="20240112 10:50:43.145"/>
</kw>
<kw name="Wait Until Element Is Visible" library="AppiumLibrary">
<arg>${buttonRoundTrip}</arg>
<doc>Waits until element specified with `locator` is visible.</doc>
<status status="PASS" starttime="20240112 10:50:43.145" endtime="20240112 10:50:43.224"/>
</kw>
<kw name="Element Should Be Visible" library="AppiumLibrary">
<arg>${dropdownFrom}</arg>
<doc>Verifies that element identified with locator is visible.</doc>
<status status="PASS" starttime="20240112 10:50:43.225" endtime="20240112 10:50:43.315"/>
</kw>
<kw name="Element Should Be Visible" library="AppiumLibrary">
<arg>${dropdownTo}</arg>
<doc>Verifies that element identified with locator is visible.</doc>
<status status="PASS" starttime="20240112 10:50:43.315" endtime="20240112 10:50:43.413"/>
</kw>
<kw name="Element Should Be Visible" library="AppiumLibrary">
<arg>${dropdownClass}</arg>
<doc>Verifies that element identified with locator is visible.</doc>
<status status="PASS" starttime="20240112 10:50:43.413" endtime="20240112 10:50:43.490"/>
</kw>
<kw name="Element Should Be Visible" library="AppiumLibrary">
<arg>${radioButtonFlight}</arg>
<doc>Verifies that element identified with locator is visible.</doc>
<status status="PASS" starttime="20240112 10:50:43.490" endtime="20240112 10:50:43.583"/>
</kw>
<kw name="Element Should Be Visible" library="AppiumLibrary">
<arg>${radioButtonFlightHotel}</arg>
<doc>Verifies that element identified with locator is visible.</doc>
<status status="PASS" starttime="20240112 10:50:43.583" endtime="20240112 10:50:43.684"/>
</kw>
<kw name="Element Should Be Visible" library="AppiumLibrary">
<arg>${checkBoxDay}</arg>
<doc>Verifies that element identified with locator is visible.</doc>
<status status="PASS" starttime="20240112 10:50:43.684" endtime="20240112 10:50:43.773"/>
</kw>
<kw name="Element Should Be Visible" library="AppiumLibrary">
<arg>${buttonBookFlight}</arg>
<doc>Verifies that element identified with locator is visible.</doc>
<status status="PASS" starttime="20240112 10:50:43.773" endtime="20240112 10:50:43.850"/>
</kw>
<status status="PASS" starttime="20240112 10:50:42.139" endtime="20240112 10:50:43.850"/>
</kw>
<kw name="Select Depature" library="bookPage">
<kw name="Click Element" library="AppiumLibrary">
<arg>${dropdownFrom}</arg>
<doc>Click element identified by `locator`.</doc>
<msg timestamp="20240112 10:50:43.859" level="INFO">Clicking element '//android.widget.Spinner[@resource-id="com.example.myapplication:id/spinnerFrom"]'.</msg>
<status status="PASS" starttime="20240112 10:50:43.851" endtime="20240112 10:50:43.973"/>
</kw>
<kw name="Wait Until Element Is Visible" library="AppiumLibrary">
<arg>${fromNewYork}</arg>
<doc>Waits until element specified with `locator` is visible.</doc>
<status status="PASS" starttime="20240112 10:50:43.974" endtime="20240112 10:50:44.903"/>
</kw>
<kw name="Wait Until Element Is Visible" library="AppiumLibrary">
<arg>${fromChicago}</arg>
<doc>Waits until element specified with `locator` is visible.</doc>
<status status="PASS" starttime="20240112 10:50:44.903" endtime="20240112 10:50:44.954"/>
</kw>
<kw name="Wait Until Element Is Visible" library="AppiumLibrary">
<arg>${fromToronto}</arg>
<doc>Waits until element specified with `locator` is visible.</doc>
<status status="PASS" starttime="20240112 10:50:44.954" endtime="20240112 10:50:45.011"/>
</kw>
<kw name="Click Element" library="AppiumLibrary">
<arg>${fromChicago}</arg>
<doc>Click element identified by `locator`.</doc>
<msg timestamp="20240112 10:50:45.016" level="INFO">Clicking element '//android.widget.TextView[@resource-id="android:id/text1" and @text="Chicago"]'.</msg>
<status status="PASS" starttime="20240112 10:50:45.012" endtime="20240112 10:50:45.741"/>
</kw>
<status status="PASS" starttime="20240112 10:50:43.850" endtime="20240112 10:50:45.741"/>
</kw>
<kw name="Select Destination" library="bookPage">
<kw name="Click Element" library="AppiumLibrary">
<arg>${dropdownTo}</arg>
<doc>Click element identified by `locator`.</doc>
<msg timestamp="20240112 10:50:45.748" level="INFO">Clicking element '//android.widget.Spinner[@resource-id="com.example.myapplication:id/spinnerTo"]'.</msg>
<status status="PASS" starttime="20240112 10:50:45.742" endtime="20240112 10:50:45.878"/>
</kw>
<kw name="Wait Until Element Is Visible" library="AppiumLibrary">
<arg>${toLondon}</arg>
<doc>Waits until element specified with `locator` is visible.</doc>
<status status="PASS" starttime="20240112 10:50:45.878" endtime="20240112 10:50:46.804"/>
</kw>
<kw name="Wait Until Element Is Visible" library="AppiumLibrary">
<arg>${toParis}</arg>
<doc>Waits until element specified with `locator` is visible.</doc>
<status status="PASS" starttime="20240112 10:50:46.804" endtime="20240112 10:50:46.853"/>
</kw>
<kw name="Wait Until Element Is Visible" library="AppiumLibrary">
<arg>${toOttawa}</arg>
<doc>Waits until element specified with `locator` is visible.</doc>
<status status="PASS" starttime="20240112 10:50:46.853" endtime="20240112 10:50:46.903"/>
</kw>
<kw name="Click Element" library="AppiumLibrary">
<arg>${toParis}</arg>
<doc>Click element identified by `locator`.</doc>
<msg timestamp="20240112 10:50:46.909" level="INFO">Clicking element '//android.widget.TextView[@resource-id="android:id/text1" and @text="Paris"]'.</msg>
<status status="PASS" starttime="20240112 10:50:46.903" endtime="20240112 10:50:47.608"/>
</kw>
<status status="PASS" starttime="20240112 10:50:45.742" endtime="20240112 10:50:47.608"/>
</kw>
<kw name="Select Flight Class" library="bookPage">
<kw name="Click Element" library="AppiumLibrary">
<arg>${dropdownClass}</arg>
<doc>Click element identified by `locator`.</doc>
<msg timestamp="20240112 10:50:47.618" level="INFO">Clicking element '//android.widget.Spinner[@resource-id="com.example.myapplication:id/spinnerClass"]'.</msg>
<status status="PASS" starttime="20240112 10:50:47.610" endtime="20240112 10:50:47.738"/>
</kw>
<kw name="Wait Until Element Is Visible" library="AppiumLibrary">
<arg>${economyClass}</arg>
<doc>Waits until element specified with `locator` is visible.</doc>
<status status="PASS" starttime="20240112 10:50:47.739" endtime="20240112 10:50:48.664"/>
</kw>
<kw name="Wait Until Element Is Visible" library="AppiumLibrary">
<arg>${firstClass}</arg>
<doc>Waits until element specified with `locator` is visible.</doc>
<status status="PASS" starttime="20240112 10:50:48.664" endtime="20240112 10:50:48.711"/>
</kw>
<kw name="Wait Until Element Is Visible" library="AppiumLibrary">
<arg>${businessClass}</arg>
<doc>Waits until element specified with `locator` is visible.</doc>
<status status="PASS" starttime="20240112 10:50:48.711" endtime="20240112 10:50:48.770"/>
</kw>
<kw name="Click Element" library="AppiumLibrary">
<arg>${firstClass}</arg>
<doc>Click element identified by `locator`.</doc>
<msg timestamp="20240112 10:50:48.774" level="INFO">Clicking element '//android.widget.TextView[@resource-id="android:id/text1" and @text="First"]'.</msg>
<status status="PASS" starttime="20240112 10:50:48.770" endtime="20240112 10:50:49.482"/>
</kw>
<status status="PASS" starttime="20240112 10:50:47.609" endtime="20240112 10:50:49.483"/>
</kw>
<kw name="Select Start Date and End Date" library="bookPage">
<kw name="Click Element" library="AppiumLibrary">
<arg>${startDate}</arg>
<doc>Click element identified by `locator`.</doc>
<msg timestamp="20240112 10:50:49.491" level="INFO">Clicking element '//android.widget.TextView[@resource-id="com.example.myapplication:id/textStartDate"]'.</msg>
<status status="PASS" starttime="20240112 10:50:49.484" endtime="20240112 10:50:49.605"/>
</kw>
<kw name="Wait Until Element Is Visible" library="AppiumLibrary">
<arg>${calendar}</arg>
<doc>Waits until element specified with `locator` is visible.</doc>
<status status="PASS" starttime="20240112 10:50:49.606" endtime="20240112 10:50:50.460"/>
</kw>
<kw name="Click Element" library="AppiumLibrary">
<arg>${pickStartDate1}</arg>
<doc>Click element identified by `locator`.</doc>
<msg timestamp="20240112 10:50:50.463" level="INFO">Clicking element '//android.view.View[@content-desc="03 August 2019"]'.</msg>
<status status="PASS" starttime="20240112 10:50:50.460" endtime="20240112 10:50:51.215"/>
</kw>
<kw name="Click Element" library="AppiumLibrary">
<arg>${buttonOk}</arg>
<doc>Click element identified by `locator`.</doc>
<msg timestamp="20240112 10:50:51.220" level="INFO">Clicking element '//android.widget.Button[@resource-id="android:id/button1"]'.</msg>
<status status="PASS" starttime="20240112 10:50:51.215" endtime="20240112 10:50:51.355"/>
</kw>
<kw name="Wait Until Element Is Visible" library="AppiumLibrary">
<arg>${startDate}</arg>
<doc>Waits until element specified with `locator` is visible.</doc>
<status status="PASS" starttime="20240112 10:50:51.355" endtime="20240112 10:50:51.941"/>
</kw>
<kw name="Click Element" library="AppiumLibrary">
<arg>${endDate}</arg>
<doc>Click element identified by `locator`.</doc>
<msg timestamp="20240112 10:50:51.947" level="INFO">Clicking element '//android.widget.TextView[@resource-id="com.example.myapplication:id/textEndDate"]'.</msg>
<status status="PASS" starttime="20240112 10:50:51.942" endtime="20240112 10:50:52.037"/>
</kw>
<kw name="Wait Until Element Is Visible" library="AppiumLibrary">
<arg>${calendar}</arg>
<doc>Waits until element specified with `locator` is visible.</doc>
<status status="PASS" starttime="20240112 10:50:52.037" endtime="20240112 10:50:52.786"/>
</kw>
<kw name="Click Element" library="AppiumLibrary">
<arg>${pickEndDate1}</arg>
<doc>Click element identified by `locator`.</doc>
<msg timestamp="20240112 10:50:52.791" level="INFO">Clicking element '//android.view.View[@content-desc="21 August 2019"]'.</msg>
<status status="PASS" starttime="20240112 10:50:52.786" endtime="20240112 10:50:53.581"/>
</kw>
<kw name="Click Element" library="AppiumLibrary">
<arg>${buttonOk}</arg>
<doc>Click element identified by `locator`.</doc>
<msg timestamp="20240112 10:50:53.586" level="INFO">Clicking element '//android.widget.Button[@resource-id="android:id/button1"]'.</msg>
<status status="PASS" starttime="20240112 10:50:53.581" endtime="20240112 10:50:53.856"/>
</kw>
<kw name="Wait Until Element Is Visible" library="AppiumLibrary">
<arg>${endDate}</arg>
<doc>Waits until element specified with `locator` is visible.</doc>
<status status="PASS" starttime="20240112 10:50:53.856" endtime="20240112 10:50:54.438"/>
</kw>
<status status="PASS" starttime="20240112 10:50:49.483" endtime="20240112 10:50:54.439"/>
</kw>
<kw name="Select Flight Option" library="bookPage">
<kw name="Wait Until Element Is Visible" library="AppiumLibrary">
<arg>${radioButtonFlight}</arg>
<doc>Waits until element specified with `locator` is visible.</doc>
<status status="PASS" starttime="20240112 10:50:54.440" endtime="20240112 10:50:54.525"/>
</kw>
<kw name="Click Element" library="AppiumLibrary">
<arg>${radioButtonFlight}</arg>
<doc>Click element identified by `locator`.</doc>
<msg timestamp="20240112 10:50:54.532" level="INFO">Clicking element '//android.widget.RadioButton[@resource-id="com.example.myapplication:id/radioButtonFlight"]'.</msg>
<status status="PASS" starttime="20240112 10:50:54.526" endtime="20240112 10:50:54.622"/>
</kw>
<status status="PASS" starttime="20240112 10:50:54.439" endtime="20240112 10:50:54.622"/>
</kw>
<kw name="Select Book Button" library="bookPage">
<kw name="Wait Until Element Is Visible" library="AppiumLibrary">
<arg>${buttonBookFlight}</arg>
<doc>Waits until element specified with `locator` is visible.</doc>
<status status="PASS" starttime="20240112 10:50:54.623" endtime="20240112 10:50:55.296"/>
</kw>
<kw name="Click Element" library="AppiumLibrary">
<arg>${buttonBookFlight}</arg>
<doc>Click element identified by `locator`.</doc>
<msg timestamp="20240112 10:50:55.303" level="INFO">Clicking element '//android.widget.Button[@resource-id="com.example.myapplication:id/book_flight"]'.</msg>
<status status="PASS" starttime="20240112 10:50:55.296" endtime="20240112 10:50:55.411"/>
</kw>
<status status="PASS" starttime="20240112 10:50:54.623" endtime="20240112 10:50:55.411"/>
</kw>
<kw name="Verify Confirmation Screen" library="bookPage">
<kw name="Wait Until Element Is Visible" library="AppiumLibrary">
<arg>${textConfirmation}</arg>
<doc>Waits until element specified with `locator` is visible.</doc>
<status status="PASS" starttime="20240112 10:50:55.412" endtime="20240112 10:50:56.158"/>
</kw>
<kw name="Page Should Contain Text" library="AppiumLibrary">
<arg>${textConfirm1}</arg>
<doc>Verifies that current page contains `text`.</doc>
<msg timestamp="20240112 10:50:56.208" level="INFO">Current page contains text 'Click on the price to confirm your booking'.</msg>
<status status="PASS" starttime="20240112 10:50:56.158" endtime="20240112 10:50:56.208"/>
</kw>
<kw name="Element Should Be Visible" library="AppiumLibrary">
<arg>${textFrom}</arg>
<doc>Verifies that element identified with locator is visible.</doc>
<status status="PASS" starttime="20240112 10:50:56.209" endtime="20240112 10:50:56.283"/>
</kw>
<kw name="Element Should Be Visible" library="AppiumLibrary">
<arg>${textTo}</arg>
<doc>Verifies that element identified with locator is visible.</doc>
<status status="PASS" starttime="20240112 10:50:56.283" endtime="20240112 10:50:56.376"/>
</kw>
<kw name="Element Should Be Visible" library="AppiumLibrary">
<arg>${buttonConfirm}</arg>
<doc>Verifies that element identified with locator is visible.</doc>
<status status="PASS" starttime="20240112 10:50:56.376" endtime="20240112 10:50:56.441"/>
</kw>
<status status="PASS" starttime="20240112 10:50:55.411" endtime="20240112 10:50:56.441"/>
</kw>
<kw name="Select Price in Confirmation Page" library="bookPage">
<kw name="Wait Until Element Is Visible" library="AppiumLibrary">
<arg>${selectPrice1}</arg>
<doc>Waits until element specified with `locator` is visible.</doc>
<status status="PASS" starttime="20240112 10:50:56.443" endtime="20240112 10:50:56.536"/>
</kw>
<kw name="Click Element" library="AppiumLibrary">
<arg>${selectPrice1}</arg>
<doc>Click element identified by `locator`.</doc>
<msg timestamp="20240112 10:50:56.543" level="INFO">Clicking element '//android.widget.Button[@resource-id="com.example.myapplication:id/price1"]'.</msg>
<status status="PASS" starttime="20240112 10:50:56.536" endtime="20240112 10:50:56.638"/>
</kw>
<status status="PASS" starttime="20240112 10:50:56.442" endtime="20240112 10:50:56.638"/>
</kw>
<kw name="Click Button Confirm" library="bookPage">
<kw name="Wait Until Element Is Visible" library="AppiumLibrary">
<arg>${buttonConfirm}</arg>
<doc>Waits until element specified with `locator` is visible.</doc>
<status status="PASS" starttime="20240112 10:50:56.640" endtime="20240112 10:50:57.363"/>
</kw>
<kw name="Click Element" library="AppiumLibrary">
<arg>${buttonConfirm}</arg>
<doc>Click element identified by `locator`.</doc>
<msg timestamp="20240112 10:50:57.371" level="INFO">Clicking element '//android.widget.Button[@resource-id="com.example.myapplication:id/confirm_order"]'.</msg>
<status status="PASS" starttime="20240112 10:50:57.363" endtime="20240112 10:50:57.523"/>
</kw>
<status status="PASS" starttime="20240112 10:50:56.639" endtime="20240112 10:50:57.523"/>
</kw>
<kw name="Verify Screen After Book Flight" library="bookPage">
<kw name="Wait Until Element Is Visible" library="AppiumLibrary">
<arg>${successBookFlight}</arg>
<doc>Waits until element specified with `locator` is visible.</doc>
<status status="PASS" starttime="20240112 10:50:57.524" endtime="20240112 10:50:58.219"/>
</kw>
<kw name="Page Should Contain Text" library="AppiumLibrary">
<arg>${textSUccessPage1}</arg>
<doc>Verifies that current page contains `text`.</doc>
<msg timestamp="20240112 10:50:58.254" level="INFO">Current page contains text 'Your flight is booked. Reservation number is CADX2214'.</msg>
<status status="PASS" starttime="20240112 10:50:58.219" endtime="20240112 10:50:58.255"/>
</kw>
<status status="PASS" starttime="20240112 10:50:57.524" endtime="20240112 10:50:58.255"/>
</kw>
<kw name="Screenshoot Book Flight" library="bookPage">
<kw name="Capture Page Screenshot" library="AppiumLibrary">
<doc>Takes a screenshot of the current page and embeds it into the log.</doc>
<msg timestamp="20240112 10:50:58.881" level="INFO" html="true">&lt;/td&gt;&lt;/tr&gt;&lt;tr&gt;&lt;td colspan="3"&gt;&lt;a href="appium-screenshot-1.png"&gt;&lt;img src="appium-screenshot-1.png" width="800px"&gt;&lt;/a&gt;</msg>
<status status="PASS" starttime="20240112 10:50:58.256" endtime="20240112 10:50:58.881"/>
</kw>
<status status="PASS" starttime="20240112 10:50:58.255" endtime="20240112 10:50:58.882"/>
</kw>
<kw name="Close NG Apps" library="base" type="TEARDOWN">
<kw name="Close Application" library="AppiumLibrary">
<doc>Closes the current application and also close webdriver session.</doc>
<status status="PASS" starttime="20240112 10:50:58.883" endtime="20240112 10:50:59.351"/>
</kw>
<status status="PASS" starttime="20240112 10:50:58.883" endtime="20240112 10:50:59.351"/>
</kw>
<status status="PASS" starttime="20240112 10:50:28.934" endtime="20240112 10:50:59.351"/>
</test>
<test id="s1-s1-t2" name="TC002 Verify Success Book Round Trip Flight" line="44">
<kw name="Run Keywords" library="BuiltIn" type="SETUP">
<arg>Open NG Apps</arg>
<arg>Sign In With Valid Username and Password</arg>
<doc>Executes all the given keywords in a sequence.</doc>
<kw name="Open NG Apps" library="base">
<kw name="Open Application" library="AppiumLibrary">
<arg>remote_url=${REMOTE_URL}</arg>
<arg>platformName=${PLATFORM_NAME}</arg>
<arg>platformVersion=${PLATFORM_VERSION}</arg>
<arg>deviceName=${DEVICE_NAME}</arg>
<arg>appPackage=${APP_PACKAGE}</arg>
<arg>appActivity=${APP_ACTIVITY}</arg>
<doc>Opens a new application to given Appium server.
Capabilities of appium server, Android and iOS,
Please check https://github.com/appium/appium/blob/master/docs/en/writing-running-appium/server-args.md
| *Option*            | *Man.* | *Description*     |
| remote_url          | Yes    | Appium server url |
| alias               | no     | alias             |</doc>
<status status="PASS" starttime="20240112 10:50:59.355" endtime="20240112 10:51:08.001"/>
</kw>
<status status="PASS" starttime="20240112 10:50:59.354" endtime="20240112 10:51:08.001"/>
</kw>
<kw name="Sign In With Valid Username and Password" library="loginPage">
<kw name="Verify Home Page" library="homePage">
<kw name="Wait Until Element Is Visible" library="AppiumLibrary">
<arg>${homePage}</arg>
<doc>Waits until element specified with `locator` is visible.</doc>
<status status="PASS" starttime="20240112 10:51:08.003" endtime="20240112 10:51:09.055"/>
</kw>
<kw name="Element Should Be Visible" library="AppiumLibrary">
<arg>${bookButton}</arg>
<doc>Verifies that element identified with locator is visible.</doc>
<status status="PASS" starttime="20240112 10:51:09.056" endtime="20240112 10:51:09.153"/>
</kw>
<kw name="Element Should Be Visible" library="AppiumLibrary">
<arg>${searchButton}</arg>
<doc>Verifies that element identified with locator is visible.</doc>
<status status="PASS" starttime="20240112 10:51:09.153" endtime="20240112 10:51:09.246"/>
</kw>
<kw name="Element Should Be Visible" library="AppiumLibrary">
<arg>${checkInButton}</arg>
<doc>Verifies that element identified with locator is visible.</doc>
<status status="PASS" starttime="20240112 10:51:09.246" endtime="20240112 10:51:09.334"/>
</kw>
<status status="PASS" starttime="20240112 10:51:08.003" endtime="20240112 10:51:09.334"/>
</kw>
<kw name="Click Sign In Button On Home Page" library="homePage">
<kw name="Wait Until Element Is Visible" library="AppiumLibrary">
<arg>${loginButton}</arg>
<doc>Waits until element specified with `locator` is visible.</doc>
<status status="PASS" starttime="20240112 10:51:09.335" endtime="20240112 10:51:09.418"/>
</kw>
<kw name="Click Element" library="AppiumLibrary">
<arg>${loginButton}</arg>
<doc>Click element identified by `locator`.</doc>
<msg timestamp="20240112 10:51:09.422" level="INFO">Clicking element '//android.widget.Button[@resource-id="com.example.myapplication:id/login"]'.</msg>
<status status="PASS" starttime="20240112 10:51:09.418" endtime="20240112 10:51:09.536"/>
</kw>
<status status="PASS" starttime="20240112 10:51:09.334" endtime="20240112 10:51:09.537"/>
</kw>
<kw name="Verify signIn Page" library="loginPage">
<kw name="Wait Until Element Is Visible" library="AppiumLibrary">
<arg>${fieldUsername}</arg>
<doc>Waits until element specified with `locator` is visible.</doc>
<status status="PASS" starttime="20240112 10:51:09.537" endtime="20240112 10:51:10.283"/>
</kw>
<kw name="Wait Until Element Is Visible" library="AppiumLibrary">
<arg>${fieldPassword}</arg>
<doc>Waits until element specified with `locator` is visible.</doc>
<status status="PASS" starttime="20240112 10:51:10.284" endtime="20240112 10:51:10.359"/>
</kw>
<kw name="Wait Until Element Is Visible" library="AppiumLibrary">
<arg>${SignInButton}</arg>
<doc>Waits until element specified with `locator` is visible.</doc>
<status status="PASS" starttime="20240112 10:51:10.360" endtime="20240112 10:51:10.428"/>
</kw>
<kw name="Page Should Contain Text" library="AppiumLibrary">
<arg>${TEXT1}</arg>
<doc>Verifies that current page contains `text`.</doc>
<msg timestamp="20240112 10:51:10.486" level="INFO">Current page contains text 'Enter username'.</msg>
<status status="PASS" starttime="20240112 10:51:10.429" endtime="20240112 10:51:10.486"/>
</kw>
<kw name="Page Should Contain Text" library="AppiumLibrary">
<arg>${TEXT2}</arg>
<doc>Verifies that current page contains `text`.</doc>
<msg timestamp="20240112 10:51:10.526" level="INFO">Current page contains text 'Enter password'.</msg>
<status status="PASS" starttime="20240112 10:51:10.487" endtime="20240112 10:51:10.526"/>
</kw>
<kw name="Element Should Be Enabled" library="AppiumLibrary">
<arg>${SignInButton}</arg>
<doc>Verifies that element identified with locator is enabled.</doc>
<msg timestamp="20240112 10:51:10.595" level="INFO">Element '//android.widget.Button[@resource-id="com.example.myapplication:id/signIn"]' is enabled .</msg>
<status status="PASS" starttime="20240112 10:51:10.526" endtime="20240112 10:51:10.595"/>
</kw>
<status status="PASS" starttime="20240112 10:51:09.537" endtime="20240112 10:51:10.595"/>
</kw>
<kw name="Input Username for Login" library="loginPage">
<arg>${email}</arg>
<kw name="Input Text" library="AppiumLibrary">
<arg>${fieldUsername}</arg>
<arg>${username}</arg>
<doc>Types the given `text` into text field identified by `locator`.</doc>
<msg timestamp="20240112 10:51:10.600" level="INFO">Typing text 'support@ngendigital.com' into text field '//android.widget.EditText[@resource-id="com.example.myapplication:id/username"]'</msg>
<status status="PASS" starttime="20240112 10:51:10.596" endtime="20240112 10:51:10.704"/>
</kw>
<status status="PASS" starttime="20240112 10:51:10.596" endtime="20240112 10:51:10.704"/>
</kw>
<kw name="Input Password for Login" library="loginPage">
<arg>${password}</arg>
<kw name="Input Text" library="AppiumLibrary">
<arg>${fieldPassword}</arg>
<arg>${password}</arg>
<doc>Types the given `text` into text field identified by `locator`.</doc>
<msg timestamp="20240112 10:51:10.711" level="INFO">Typing text 'abc123' into text field '//android.widget.EditText[@resource-id="com.example.myapplication:id/password"]'</msg>
<status status="PASS" starttime="20240112 10:51:10.705" endtime="20240112 10:51:11.266"/>
</kw>
<status status="PASS" starttime="20240112 10:51:10.704" endtime="20240112 10:51:11.266"/>
</kw>
<kw name="Click Button Sign In" library="loginPage">
<kw name="Click Element" library="AppiumLibrary">
<arg>${SignInButton}</arg>
<doc>Click element identified by `locator`.</doc>
<msg timestamp="20240112 10:51:11.273" level="INFO">Clicking element '//android.widget.Button[@resource-id="com.example.myapplication:id/signIn"]'.</msg>
<status status="PASS" starttime="20240112 10:51:11.267" endtime="20240112 10:51:11.871"/>
</kw>
<status status="PASS" starttime="20240112 10:51:11.267" endtime="20240112 10:51:11.872"/>
</kw>
<status status="PASS" starttime="20240112 10:51:08.002" endtime="20240112 10:51:11.872"/>
</kw>
<status status="PASS" starttime="20240112 10:50:59.354" endtime="20240112 10:51:11.872"/>
</kw>
<kw name="Verify Book Button Appears" library="bookPage">
<kw name="Wait Until Element Is Visible" library="AppiumLibrary">
<arg>${userLogin}</arg>
<doc>Waits until element specified with `locator` is visible.</doc>
<status status="PASS" starttime="20240112 10:51:11.872" endtime="20240112 10:51:12.561"/>
</kw>
<kw name="Wait Until Element Is Visible" library="AppiumLibrary">
<arg>${buttonBook}</arg>
<doc>Waits until element specified with `locator` is visible.</doc>
<status status="PASS" starttime="20240112 10:51:12.561" endtime="20240112 10:51:12.622"/>
</kw>
<kw name="Wait Until Element Is Visible" library="AppiumLibrary">
<arg>${buttonBook}</arg>
<doc>Waits until element specified with `locator` is visible.</doc>
<status status="PASS" starttime="20240112 10:51:12.622" endtime="20240112 10:51:12.693"/>
</kw>
<kw name="Wait Until Element Is Visible" library="AppiumLibrary">
<arg>${buttonSearch}</arg>
<doc>Waits until element specified with `locator` is visible.</doc>
<status status="PASS" starttime="20240112 10:51:12.693" endtime="20240112 10:51:12.761"/>
</kw>
<kw name="Wait Until Element Is Visible" library="AppiumLibrary">
<arg>${buttonCheckin}</arg>
<doc>Waits until element specified with `locator` is visible.</doc>
<status status="PASS" starttime="20240112 10:51:12.762" endtime="20240112 10:51:12.826"/>
</kw>
<status status="PASS" starttime="20240112 10:51:11.872" endtime="20240112 10:51:12.827"/>
</kw>
<kw name="Click Button Book" library="bookPage">
<kw name="Click Element" library="AppiumLibrary">
<arg>${buttonBook}</arg>
<doc>Click element identified by `locator`.</doc>
<msg timestamp="20240112 10:51:12.831" level="INFO">Clicking element '//android.widget.Button[@resource-id="com.example.myapplication:id/book"]'.</msg>
<status status="PASS" starttime="20240112 10:51:12.827" endtime="20240112 10:51:12.936"/>
</kw>
<status status="PASS" starttime="20240112 10:51:12.827" endtime="20240112 10:51:12.936"/>
</kw>
<kw name="Verify Screen Book Flight" library="bookPage">
<kw name="Wait Until Element Is Visible" library="AppiumLibrary">
<arg>${buttonOneWay}</arg>
<doc>Waits until element specified with `locator` is visible.</doc>
<status status="PASS" starttime="20240112 10:51:12.937" endtime="20240112 10:51:13.934"/>
</kw>
<kw name="Wait Until Element Is Visible" library="AppiumLibrary">
<arg>${buttonRoundTrip}</arg>
<doc>Waits until element specified with `locator` is visible.</doc>
<status status="PASS" starttime="20240112 10:51:13.935" endtime="20240112 10:51:14.033"/>
</kw>
<kw name="Element Should Be Visible" library="AppiumLibrary">
<arg>${dropdownFrom}</arg>
<doc>Verifies that element identified with locator is visible.</doc>
<status status="PASS" starttime="20240112 10:51:14.033" endtime="20240112 10:51:14.134"/>
</kw>
<kw name="Element Should Be Visible" library="AppiumLibrary">
<arg>${dropdownTo}</arg>
<doc>Verifies that element identified with locator is visible.</doc>
<status status="PASS" starttime="20240112 10:51:14.135" endtime="20240112 10:51:14.228"/>
</kw>
<kw name="Element Should Be Visible" library="AppiumLibrary">
<arg>${dropdownClass}</arg>
<doc>Verifies that element identified with locator is visible.</doc>
<status status="PASS" starttime="20240112 10:51:14.228" endtime="20240112 10:51:14.303"/>
</kw>
<kw name="Element Should Be Visible" library="AppiumLibrary">
<arg>${radioButtonFlight}</arg>
<doc>Verifies that element identified with locator is visible.</doc>
<status status="PASS" starttime="20240112 10:51:14.303" endtime="20240112 10:51:14.381"/>
</kw>
<kw name="Element Should Be Visible" library="AppiumLibrary">
<arg>${radioButtonFlightHotel}</arg>
<doc>Verifies that element identified with locator is visible.</doc>
<status status="PASS" starttime="20240112 10:51:14.381" endtime="20240112 10:51:14.472"/>
</kw>
<kw name="Element Should Be Visible" library="AppiumLibrary">
<arg>${checkBoxDay}</arg>
<doc>Verifies that element identified with locator is visible.</doc>
<status status="PASS" starttime="20240112 10:51:14.472" endtime="20240112 10:51:14.566"/>
</kw>
<kw name="Element Should Be Visible" library="AppiumLibrary">
<arg>${buttonBookFlight}</arg>
<doc>Verifies that element identified with locator is visible.</doc>
<status status="PASS" starttime="20240112 10:51:14.566" endtime="20240112 10:51:14.634"/>
</kw>
<status status="PASS" starttime="20240112 10:51:12.937" endtime="20240112 10:51:14.634"/>
</kw>
<kw name="Select Round Trip Tab" library="bookPage">
<kw name="Click Element" library="AppiumLibrary">
<arg>${buttonRoundTrip}</arg>
<doc>Click element identified by `locator`.</doc>
<msg timestamp="20240112 10:51:14.640" level="INFO">Clicking element '//android.support.v7.app.ActionBar.Tab[@content-desc="Round Trip"]'.</msg>
<status status="PASS" starttime="20240112 10:51:14.635" endtime="20240112 10:51:14.757"/>
</kw>
<status status="PASS" starttime="20240112 10:51:14.634" endtime="20240112 10:51:14.757"/>
</kw>
<kw name="Select Depature" library="bookPage">
<kw name="Click Element" library="AppiumLibrary">
<arg>${dropdownFrom}</arg>
<doc>Click element identified by `locator`.</doc>
<msg timestamp="20240112 10:51:14.765" level="INFO">Clicking element '//android.widget.Spinner[@resource-id="com.example.myapplication:id/spinnerFrom"]'.</msg>
<status status="PASS" starttime="20240112 10:51:14.759" endtime="20240112 10:51:15.357"/>
</kw>
<kw name="Wait Until Element Is Visible" library="AppiumLibrary">
<arg>${fromNewYork}</arg>
<doc>Waits until element specified with `locator` is visible.</doc>
<status status="PASS" starttime="20240112 10:51:15.357" endtime="20240112 10:51:16.285"/>
</kw>
<kw name="Wait Until Element Is Visible" library="AppiumLibrary">
<arg>${fromChicago}</arg>
<doc>Waits until element specified with `locator` is visible.</doc>
<status status="PASS" starttime="20240112 10:51:16.285" endtime="20240112 10:51:16.341"/>
</kw>
<kw name="Wait Until Element Is Visible" library="AppiumLibrary">
<arg>${fromToronto}</arg>
<doc>Waits until element specified with `locator` is visible.</doc>
<status status="PASS" starttime="20240112 10:51:16.341" endtime="20240112 10:51:16.399"/>
</kw>
<kw name="Click Element" library="AppiumLibrary">
<arg>${fromChicago}</arg>
<doc>Click element identified by `locator`.</doc>
<msg timestamp="20240112 10:51:16.403" level="INFO">Clicking element '//android.widget.TextView[@resource-id="android:id/text1" and @text="Chicago"]'.</msg>
<status status="PASS" starttime="20240112 10:51:16.399" endtime="20240112 10:51:17.140"/>
</kw>
<status status="PASS" starttime="20240112 10:51:14.758" endtime="20240112 10:51:17.140"/>
</kw>
<kw name="Select Destination" library="bookPage">
<kw name="Click Element" library="AppiumLibrary">
<arg>${dropdownTo}</arg>
<doc>Click element identified by `locator`.</doc>
<msg timestamp="20240112 10:51:17.145" level="INFO">Clicking element '//android.widget.Spinner[@resource-id="com.example.myapplication:id/spinnerTo"]'.</msg>
<status status="PASS" starttime="20240112 10:51:17.141" endtime="20240112 10:51:17.256"/>
</kw>
<kw name="Wait Until Element Is Visible" library="AppiumLibrary">
<arg>${toLondon}</arg>
<doc>Waits until element specified with `locator` is visible.</doc>
<status status="PASS" starttime="20240112 10:51:17.256" endtime="20240112 10:51:18.302"/>
</kw>
<kw name="Wait Until Element Is Visible" library="AppiumLibrary">
<arg>${toParis}</arg>
<doc>Waits until element specified with `locator` is visible.</doc>
<status status="PASS" starttime="20240112 10:51:18.302" endtime="20240112 10:51:18.361"/>
</kw>
<kw name="Wait Until Element Is Visible" library="AppiumLibrary">
<arg>${toOttawa}</arg>
<doc>Waits until element specified with `locator` is visible.</doc>
<status status="PASS" starttime="20240112 10:51:18.361" endtime="20240112 10:51:18.434"/>
</kw>
<kw name="Click Element" library="AppiumLibrary">
<arg>${toParis}</arg>
<doc>Click element identified by `locator`.</doc>
<msg timestamp="20240112 10:51:18.438" level="INFO">Clicking element '//android.widget.TextView[@resource-id="android:id/text1" and @text="Paris"]'.</msg>
<status status="PASS" starttime="20240112 10:51:18.434" endtime="20240112 10:51:19.640"/>
</kw>
<status status="PASS" starttime="20240112 10:51:17.141" endtime="20240112 10:51:19.641"/>
</kw>
<kw name="Select Flight Class" library="bookPage">
<kw name="Click Element" library="AppiumLibrary">
<arg>${dropdownClass}</arg>
<doc>Click element identified by `locator`.</doc>
<msg timestamp="20240112 10:51:19.645" level="INFO">Clicking element '//android.widget.Spinner[@resource-id="com.example.myapplication:id/spinnerClass"]'.</msg>
<status status="PASS" starttime="20240112 10:51:19.642" endtime="20240112 10:51:19.755"/>
</kw>
<kw name="Wait Until Element Is Visible" library="AppiumLibrary">
<arg>${economyClass}</arg>
<doc>Waits until element specified with `locator` is visible.</doc>
<status status="PASS" starttime="20240112 10:51:19.755" endtime="20240112 10:51:20.664"/>
</kw>
<kw name="Wait Until Element Is Visible" library="AppiumLibrary">
<arg>${firstClass}</arg>
<doc>Waits until element specified with `locator` is visible.</doc>
<status status="PASS" starttime="20240112 10:51:20.664" endtime="20240112 10:51:20.710"/>
</kw>
<kw name="Wait Until Element Is Visible" library="AppiumLibrary">
<arg>${businessClass}</arg>
<doc>Waits until element specified with `locator` is visible.</doc>
<status status="PASS" starttime="20240112 10:51:20.710" endtime="20240112 10:51:20.754"/>
</kw>
<kw name="Click Element" library="AppiumLibrary">
<arg>${firstClass}</arg>
<doc>Click element identified by `locator`.</doc>
<msg timestamp="20240112 10:51:20.757" level="INFO">Clicking element '//android.widget.TextView[@resource-id="android:id/text1" and @text="First"]'.</msg>
<status status="PASS" starttime="20240112 10:51:20.754" endtime="20240112 10:51:21.455"/>
</kw>
<status status="PASS" starttime="20240112 10:51:19.641" endtime="20240112 10:51:21.455"/>
</kw>
<kw name="Select Start Date and End Date" library="bookPage">
<kw name="Click Element" library="AppiumLibrary">
<arg>${startDate}</arg>
<doc>Click element identified by `locator`.</doc>
<msg timestamp="20240112 10:51:21.461" level="INFO">Clicking element '//android.widget.TextView[@resource-id="com.example.myapplication:id/textStartDate"]'.</msg>
<status status="PASS" starttime="20240112 10:51:21.457" endtime="20240112 10:51:21.587"/>
</kw>
<kw name="Wait Until Element Is Visible" library="AppiumLibrary">
<arg>${calendar}</arg>
<doc>Waits until element specified with `locator` is visible.</doc>
<status status="PASS" starttime="20240112 10:51:21.588" endtime="20240112 10:51:22.421"/>
</kw>
<kw name="Click Element" library="AppiumLibrary">
<arg>${pickStartDate1}</arg>
<doc>Click element identified by `locator`.</doc>
<msg timestamp="20240112 10:51:22.425" level="INFO">Clicking element '//android.view.View[@content-desc="03 August 2019"]'.</msg>
<status status="PASS" starttime="20240112 10:51:22.421" endtime="20240112 10:51:23.230"/>
</kw>
<kw name="Click Element" library="AppiumLibrary">
<arg>${buttonOk}</arg>
<doc>Click element identified by `locator`.</doc>
<msg timestamp="20240112 10:51:23.234" level="INFO">Clicking element '//android.widget.Button[@resource-id="android:id/button1"]'.</msg>
<status status="PASS" starttime="20240112 10:51:23.230" endtime="20240112 10:51:23.636"/>
</kw>
<kw name="Wait Until Element Is Visible" library="AppiumLibrary">
<arg>${startDate}</arg>
<doc>Waits until element specified with `locator` is visible.</doc>
<status status="PASS" starttime="20240112 10:51:23.636" endtime="20240112 10:51:24.223"/>
</kw>
<kw name="Click Element" library="AppiumLibrary">
<arg>${endDate}</arg>
<doc>Click element identified by `locator`.</doc>
<msg timestamp="20240112 10:51:24.227" level="INFO">Clicking element '//android.widget.TextView[@resource-id="com.example.myapplication:id/textEndDate"]'.</msg>
<status status="PASS" starttime="20240112 10:51:24.223" endtime="20240112 10:51:24.321"/>
</kw>
<kw name="Wait Until Element Is Visible" library="AppiumLibrary">
<arg>${calendar}</arg>
<doc>Waits until element specified with `locator` is visible.</doc>
<status status="PASS" starttime="20240112 10:51:24.321" endtime="20240112 10:51:25.032"/>
</kw>
<kw name="Click Element" library="AppiumLibrary">
<arg>${pickEndDate1}</arg>
<doc>Click element identified by `locator`.</doc>
<msg timestamp="20240112 10:51:25.036" level="INFO">Clicking element '//android.view.View[@content-desc="21 August 2019"]'.</msg>
<status status="PASS" starttime="20240112 10:51:25.033" endtime="20240112 10:51:25.794"/>
</kw>
<kw name="Click Element" library="AppiumLibrary">
<arg>${buttonOk}</arg>
<doc>Click element identified by `locator`.</doc>
<msg timestamp="20240112 10:51:25.797" level="INFO">Clicking element '//android.widget.Button[@resource-id="android:id/button1"]'.</msg>
<status status="PASS" starttime="20240112 10:51:25.794" endtime="20240112 10:51:25.952"/>
</kw>
<kw name="Wait Until Element Is Visible" library="AppiumLibrary">
<arg>${endDate}</arg>
<doc>Waits until element specified with `locator` is visible.</doc>
<status status="PASS" starttime="20240112 10:51:25.952" endtime="20240112 10:51:26.541"/>
</kw>
<status status="PASS" starttime="20240112 10:51:21.456" endtime="20240112 10:51:26.541"/>
</kw>
<kw name="Select Flight Option 3" library="bookPage">
<kw name="Wait Until Element Is Visible" library="AppiumLibrary">
<arg>${checkBoxDay}</arg>
<doc>Waits until element specified with `locator` is visible.</doc>
<status status="PASS" starttime="20240112 10:51:26.541" endtime="20240112 10:51:26.614"/>
</kw>
<kw name="Click Element" library="AppiumLibrary">
<arg>${checkBoxDay}</arg>
<doc>Click element identified by `locator`.</doc>
<msg timestamp="20240112 10:51:26.618" level="INFO">Clicking element '//android.widget.CheckBox[@resource-id="com.example.myapplication:id/checkBoxDay"]'.</msg>
<status status="PASS" starttime="20240112 10:51:26.614" endtime="20240112 10:51:26.740"/>
</kw>
<status status="PASS" starttime="20240112 10:51:26.541" endtime="20240112 10:51:26.741"/>
</kw>
<kw name="Select Book Button" library="bookPage">
<kw name="Wait Until Element Is Visible" library="AppiumLibrary">
<arg>${buttonBookFlight}</arg>
<doc>Waits until element specified with `locator` is visible.</doc>
<status status="PASS" starttime="20240112 10:51:26.742" endtime="20240112 10:51:27.472"/>
</kw>
<kw name="Click Element" library="AppiumLibrary">
<arg>${buttonBookFlight}</arg>
<doc>Click element identified by `locator`.</doc>
<msg timestamp="20240112 10:51:27.477" level="INFO">Clicking element '//android.widget.Button[@resource-id="com.example.myapplication:id/book_flight"]'.</msg>
<status status="PASS" starttime="20240112 10:51:27.472" endtime="20240112 10:51:27.586"/>
</kw>
<status status="PASS" starttime="20240112 10:51:26.741" endtime="20240112 10:51:27.586"/>
</kw>
<kw name="Verify Confirmation Screen" library="bookPage">
<kw name="Wait Until Element Is Visible" library="AppiumLibrary">
<arg>${textConfirmation}</arg>
<doc>Waits until element specified with `locator` is visible.</doc>
<status status="PASS" starttime="20240112 10:51:27.588" endtime="20240112 10:51:28.332"/>
</kw>
<kw name="Page Should Contain Text" library="AppiumLibrary">
<arg>${textConfirm1}</arg>
<doc>Verifies that current page contains `text`.</doc>
<msg timestamp="20240112 10:51:28.378" level="INFO">Current page contains text 'Click on the price to confirm your booking'.</msg>
<status status="PASS" starttime="20240112 10:51:28.332" endtime="20240112 10:51:28.378"/>
</kw>
<kw name="Element Should Be Visible" library="AppiumLibrary">
<arg>${textFrom}</arg>
<doc>Verifies that element identified with locator is visible.</doc>
<status status="PASS" starttime="20240112 10:51:28.378" endtime="20240112 10:51:28.437"/>
</kw>
<kw name="Element Should Be Visible" library="AppiumLibrary">
<arg>${textTo}</arg>
<doc>Verifies that element identified with locator is visible.</doc>
<status status="PASS" starttime="20240112 10:51:28.437" endtime="20240112 10:51:28.506"/>
</kw>
<kw name="Element Should Be Visible" library="AppiumLibrary">
<arg>${buttonConfirm}</arg>
<doc>Verifies that element identified with locator is visible.</doc>
<status status="PASS" starttime="20240112 10:51:28.506" endtime="20240112 10:51:28.578"/>
</kw>
<status status="PASS" starttime="20240112 10:51:27.587" endtime="20240112 10:51:28.578"/>
</kw>
<kw name="Select Price in Confirmation Page" library="bookPage">
<kw name="Wait Until Element Is Visible" library="AppiumLibrary">
<arg>${selectPrice1}</arg>
<doc>Waits until element specified with `locator` is visible.</doc>
<status status="PASS" starttime="20240112 10:51:28.579" endtime="20240112 10:51:28.672"/>
</kw>
<kw name="Click Element" library="AppiumLibrary">
<arg>${selectPrice1}</arg>
<doc>Click element identified by `locator`.</doc>
<msg timestamp="20240112 10:51:28.677" level="INFO">Clicking element '//android.widget.Button[@resource-id="com.example.myapplication:id/price1"]'.</msg>
<status status="PASS" starttime="20240112 10:51:28.672" endtime="20240112 10:51:28.770"/>
</kw>
<status status="PASS" starttime="20240112 10:51:28.579" endtime="20240112 10:51:28.770"/>
</kw>
<kw name="Click Button Confirm" library="bookPage">
<kw name="Wait Until Element Is Visible" library="AppiumLibrary">
<arg>${buttonConfirm}</arg>
<doc>Waits until element specified with `locator` is visible.</doc>
<status status="PASS" starttime="20240112 10:51:28.772" endtime="20240112 10:51:29.480"/>
</kw>
<kw name="Click Element" library="AppiumLibrary">
<arg>${buttonConfirm}</arg>
<doc>Click element identified by `locator`.</doc>
<msg timestamp="20240112 10:51:29.485" level="INFO">Clicking element '//android.widget.Button[@resource-id="com.example.myapplication:id/confirm_order"]'.</msg>
<status status="PASS" starttime="20240112 10:51:29.481" endtime="20240112 10:51:29.587"/>
</kw>
<status status="PASS" starttime="20240112 10:51:28.771" endtime="20240112 10:51:29.587"/>
</kw>
<kw name="Verify Screen After Book Flight" library="bookPage">
<kw name="Wait Until Element Is Visible" library="AppiumLibrary">
<arg>${successBookFlight}</arg>
<doc>Waits until element specified with `locator` is visible.</doc>
<status status="PASS" starttime="20240112 10:51:29.588" endtime="20240112 10:51:30.254"/>
</kw>
<kw name="Page Should Contain Text" library="AppiumLibrary">
<arg>${textSUccessPage1}</arg>
<doc>Verifies that current page contains `text`.</doc>
<msg timestamp="20240112 10:51:30.281" level="INFO">Current page contains text 'Your flight is booked. Reservation number is CADX2214'.</msg>
<status status="PASS" starttime="20240112 10:51:30.254" endtime="20240112 10:51:30.281"/>
</kw>
<status status="PASS" starttime="20240112 10:51:29.588" endtime="20240112 10:51:30.282"/>
</kw>
<kw name="Screenshoot Book Flight" library="bookPage">
<kw name="Capture Page Screenshot" library="AppiumLibrary">
<doc>Takes a screenshot of the current page and embeds it into the log.</doc>
<msg timestamp="20240112 10:51:30.886" level="INFO" html="true">&lt;/td&gt;&lt;/tr&gt;&lt;tr&gt;&lt;td colspan="3"&gt;&lt;a href="appium-screenshot-2.png"&gt;&lt;img src="appium-screenshot-2.png" width="800px"&gt;&lt;/a&gt;</msg>
<status status="PASS" starttime="20240112 10:51:30.282" endtime="20240112 10:51:30.886"/>
</kw>
<status status="PASS" starttime="20240112 10:51:30.282" endtime="20240112 10:51:30.886"/>
</kw>
<kw name="Close NG Apps" library="base" type="TEARDOWN">
<kw name="Close Application" library="AppiumLibrary">
<doc>Closes the current application and also close webdriver session.</doc>
<status status="PASS" starttime="20240112 10:51:30.887" endtime="20240112 10:51:31.343"/>
</kw>
<status status="PASS" starttime="20240112 10:51:30.887" endtime="20240112 10:51:31.343"/>
</kw>
<status status="PASS" starttime="20240112 10:50:59.353" endtime="20240112 10:51:31.344"/>
</test>
<test id="s1-s1-t3" name="TC003 Book Flight without choose destination, class, date, Option, and Price" line="76">
<kw name="Run Keywords" library="BuiltIn" type="SETUP">
<arg>Open NG Apps</arg>
<arg>Sign In With Valid Username and Password</arg>
<doc>Executes all the given keywords in a sequence.</doc>
<kw name="Open NG Apps" library="base">
<kw name="Open Application" library="AppiumLibrary">
<arg>remote_url=${REMOTE_URL}</arg>
<arg>platformName=${PLATFORM_NAME}</arg>
<arg>platformVersion=${PLATFORM_VERSION}</arg>
<arg>deviceName=${DEVICE_NAME}</arg>
<arg>appPackage=${APP_PACKAGE}</arg>
<arg>appActivity=${APP_ACTIVITY}</arg>
<doc>Opens a new application to given Appium server.
Capabilities of appium server, Android and iOS,
Please check https://github.com/appium/appium/blob/master/docs/en/writing-running-appium/server-args.md
| *Option*            | *Man.* | *Description*     |
| remote_url          | Yes    | Appium server url |
| alias               | no     | alias             |</doc>
<status status="PASS" starttime="20240112 10:51:31.347" endtime="20240112 10:51:38.772"/>
</kw>
<status status="PASS" starttime="20240112 10:51:31.347" endtime="20240112 10:51:38.772"/>
</kw>
<kw name="Sign In With Valid Username and Password" library="loginPage">
<kw name="Verify Home Page" library="homePage">
<kw name="Wait Until Element Is Visible" library="AppiumLibrary">
<arg>${homePage}</arg>
<doc>Waits until element specified with `locator` is visible.</doc>
<status status="PASS" starttime="20240112 10:51:38.773" endtime="20240112 10:51:39.985"/>
</kw>
<kw name="Element Should Be Visible" library="AppiumLibrary">
<arg>${bookButton}</arg>
<doc>Verifies that element identified with locator is visible.</doc>
<status status="PASS" starttime="20240112 10:51:39.986" endtime="20240112 10:51:40.090"/>
</kw>
<kw name="Element Should Be Visible" library="AppiumLibrary">
<arg>${searchButton}</arg>
<doc>Verifies that element identified with locator is visible.</doc>
<status status="PASS" starttime="20240112 10:51:40.090" endtime="20240112 10:51:40.186"/>
</kw>
<kw name="Element Should Be Visible" library="AppiumLibrary">
<arg>${checkInButton}</arg>
<doc>Verifies that element identified with locator is visible.</doc>
<status status="PASS" starttime="20240112 10:51:40.186" endtime="20240112 10:51:40.272"/>
</kw>
<status status="PASS" starttime="20240112 10:51:38.773" endtime="20240112 10:51:40.272"/>
</kw>
<kw name="Click Sign In Button On Home Page" library="homePage">
<kw name="Wait Until Element Is Visible" library="AppiumLibrary">
<arg>${loginButton}</arg>
<doc>Waits until element specified with `locator` is visible.</doc>
<status status="PASS" starttime="20240112 10:51:40.273" endtime="20240112 10:51:40.353"/>
</kw>
<kw name="Click Element" library="AppiumLibrary">
<arg>${loginButton}</arg>
<doc>Click element identified by `locator`.</doc>
<msg timestamp="20240112 10:51:40.358" level="INFO">Clicking element '//android.widget.Button[@resource-id="com.example.myapplication:id/login"]'.</msg>
<status status="PASS" starttime="20240112 10:51:40.353" endtime="20240112 10:51:40.471"/>
</kw>
<status status="PASS" starttime="20240112 10:51:40.273" endtime="20240112 10:51:40.472"/>
</kw>
<kw name="Verify signIn Page" library="loginPage">
<kw name="Wait Until Element Is Visible" library="AppiumLibrary">
<arg>${fieldUsername}</arg>
<doc>Waits until element specified with `locator` is visible.</doc>
<status status="PASS" starttime="20240112 10:51:40.472" endtime="20240112 10:51:41.264"/>
</kw>
<kw name="Wait Until Element Is Visible" library="AppiumLibrary">
<arg>${fieldPassword}</arg>
<doc>Waits until element specified with `locator` is visible.</doc>
<status status="PASS" starttime="20240112 10:51:41.264" endtime="20240112 10:51:41.342"/>
</kw>
<kw name="Wait Until Element Is Visible" library="AppiumLibrary">
<arg>${SignInButton}</arg>
<doc>Waits until element specified with `locator` is visible.</doc>
<status status="PASS" starttime="20240112 10:51:41.342" endtime="20240112 10:51:41.415"/>
</kw>
<kw name="Page Should Contain Text" library="AppiumLibrary">
<arg>${TEXT1}</arg>
<doc>Verifies that current page contains `text`.</doc>
<msg timestamp="20240112 10:51:41.469" level="INFO">Current page contains text 'Enter username'.</msg>
<status status="PASS" starttime="20240112 10:51:41.415" endtime="20240112 10:51:41.470"/>
</kw>
<kw name="Page Should Contain Text" library="AppiumLibrary">
<arg>${TEXT2}</arg>
<doc>Verifies that current page contains `text`.</doc>
<msg timestamp="20240112 10:51:41.515" level="INFO">Current page contains text 'Enter password'.</msg>
<status status="PASS" starttime="20240112 10:51:41.470" endtime="20240112 10:51:41.516"/>
</kw>
<kw name="Element Should Be Enabled" library="AppiumLibrary">
<arg>${SignInButton}</arg>
<doc>Verifies that element identified with locator is enabled.</doc>
<msg timestamp="20240112 10:51:41.594" level="INFO">Element '//android.widget.Button[@resource-id="com.example.myapplication:id/signIn"]' is enabled .</msg>
<status status="PASS" starttime="20240112 10:51:41.516" endtime="20240112 10:51:41.594"/>
</kw>
<status status="PASS" starttime="20240112 10:51:40.472" endtime="20240112 10:51:41.594"/>
</kw>
<kw name="Input Username for Login" library="loginPage">
<arg>${email}</arg>
<kw name="Input Text" library="AppiumLibrary">
<arg>${fieldUsername}</arg>
<arg>${username}</arg>
<doc>Types the given `text` into text field identified by `locator`.</doc>
<msg timestamp="20240112 10:51:41.599" level="INFO">Typing text 'support@ngendigital.com' into text field '//android.widget.EditText[@resource-id="com.example.myapplication:id/username"]'</msg>
<status status="PASS" starttime="20240112 10:51:41.595" endtime="20240112 10:51:41.697"/>
</kw>
<status status="PASS" starttime="20240112 10:51:41.595" endtime="20240112 10:51:41.698"/>
</kw>
<kw name="Input Password for Login" library="loginPage">
<arg>${password}</arg>
<kw name="Input Text" library="AppiumLibrary">
<arg>${fieldPassword}</arg>
<arg>${password}</arg>
<doc>Types the given `text` into text field identified by `locator`.</doc>
<msg timestamp="20240112 10:51:41.705" level="INFO">Typing text 'abc123' into text field '//android.widget.EditText[@resource-id="com.example.myapplication:id/password"]'</msg>
<status status="PASS" starttime="20240112 10:51:41.698" endtime="20240112 10:51:42.259"/>
</kw>
<status status="PASS" starttime="20240112 10:51:41.698" endtime="20240112 10:51:42.260"/>
</kw>
<kw name="Click Button Sign In" library="loginPage">
<kw name="Click Element" library="AppiumLibrary">
<arg>${SignInButton}</arg>
<doc>Click element identified by `locator`.</doc>
<msg timestamp="20240112 10:51:42.264" level="INFO">Clicking element '//android.widget.Button[@resource-id="com.example.myapplication:id/signIn"]'.</msg>
<status status="PASS" starttime="20240112 10:51:42.260" endtime="20240112 10:51:42.854"/>
</kw>
<status status="PASS" starttime="20240112 10:51:42.260" endtime="20240112 10:51:42.855"/>
</kw>
<status status="PASS" starttime="20240112 10:51:38.773" endtime="20240112 10:51:42.855"/>
</kw>
<status status="PASS" starttime="20240112 10:51:31.346" endtime="20240112 10:51:42.855"/>
</kw>
<kw name="Verify Book Button Appears" library="bookPage">
<kw name="Wait Until Element Is Visible" library="AppiumLibrary">
<arg>${userLogin}</arg>
<doc>Waits until element specified with `locator` is visible.</doc>
<status status="PASS" starttime="20240112 10:51:42.856" endtime="20240112 10:51:43.647"/>
</kw>
<kw name="Wait Until Element Is Visible" library="AppiumLibrary">
<arg>${buttonBook}</arg>
<doc>Waits until element specified with `locator` is visible.</doc>
<status status="PASS" starttime="20240112 10:51:43.647" endtime="20240112 10:51:43.741"/>
</kw>
<kw name="Wait Until Element Is Visible" library="AppiumLibrary">
<arg>${buttonBook}</arg>
<doc>Waits until element specified with `locator` is visible.</doc>
<status status="PASS" starttime="20240112 10:51:43.741" endtime="20240112 10:51:43.856"/>
</kw>
<kw name="Wait Until Element Is Visible" library="AppiumLibrary">
<arg>${buttonSearch}</arg>
<doc>Waits until element specified with `locator` is visible.</doc>
<status status="PASS" starttime="20240112 10:51:43.857" endtime="20240112 10:51:43.961"/>
</kw>
<kw name="Wait Until Element Is Visible" library="AppiumLibrary">
<arg>${buttonCheckin}</arg>
<doc>Waits until element specified with `locator` is visible.</doc>
<status status="PASS" starttime="20240112 10:51:43.961" endtime="20240112 10:51:44.058"/>
</kw>
<status status="PASS" starttime="20240112 10:51:42.856" endtime="20240112 10:51:44.059"/>
</kw>
<kw name="Click Button Book" library="bookPage">
<kw name="Click Element" library="AppiumLibrary">
<arg>${buttonBook}</arg>
<doc>Click element identified by `locator`.</doc>
<msg timestamp="20240112 10:51:44.066" level="INFO">Clicking element '//android.widget.Button[@resource-id="com.example.myapplication:id/book"]'.</msg>
<status status="PASS" starttime="20240112 10:51:44.060" endtime="20240112 10:51:44.198"/>
</kw>
<status status="PASS" starttime="20240112 10:51:44.059" endtime="20240112 10:51:44.198"/>
</kw>
<kw name="Verify Screen Book Flight" library="bookPage">
<kw name="Wait Until Element Is Visible" library="AppiumLibrary">
<arg>${buttonOneWay}</arg>
<doc>Waits until element specified with `locator` is visible.</doc>
<status status="PASS" starttime="20240112 10:51:44.200" endtime="20240112 10:51:45.231"/>
</kw>
<kw name="Wait Until Element Is Visible" library="AppiumLibrary">
<arg>${buttonRoundTrip}</arg>
<doc>Waits until element specified with `locator` is visible.</doc>
<status status="PASS" starttime="20240112 10:51:45.231" endtime="20240112 10:51:45.322"/>
</kw>
<kw name="Element Should Be Visible" library="AppiumLibrary">
<arg>${dropdownFrom}</arg>
<doc>Verifies that element identified with locator is visible.</doc>
<status status="PASS" starttime="20240112 10:51:45.322" endtime="20240112 10:51:45.425"/>
</kw>
<kw name="Element Should Be Visible" library="AppiumLibrary">
<arg>${dropdownTo}</arg>
<doc>Verifies that element identified with locator is visible.</doc>
<status status="PASS" starttime="20240112 10:51:45.425" endtime="20240112 10:51:45.503"/>
</kw>
<kw name="Element Should Be Visible" library="AppiumLibrary">
<arg>${dropdownClass}</arg>
<doc>Verifies that element identified with locator is visible.</doc>
<status status="PASS" starttime="20240112 10:51:45.504" endtime="20240112 10:51:45.577"/>
</kw>
<kw name="Element Should Be Visible" library="AppiumLibrary">
<arg>${radioButtonFlight}</arg>
<doc>Verifies that element identified with locator is visible.</doc>
<status status="PASS" starttime="20240112 10:51:45.578" endtime="20240112 10:51:45.668"/>
</kw>
<kw name="Element Should Be Visible" library="AppiumLibrary">
<arg>${radioButtonFlightHotel}</arg>
<doc>Verifies that element identified with locator is visible.</doc>
<status status="PASS" starttime="20240112 10:51:45.668" endtime="20240112 10:51:45.777"/>
</kw>
<kw name="Element Should Be Visible" library="AppiumLibrary">
<arg>${checkBoxDay}</arg>
<doc>Verifies that element identified with locator is visible.</doc>
<status status="PASS" starttime="20240112 10:51:45.777" endtime="20240112 10:51:45.861"/>
</kw>
<kw name="Element Should Be Visible" library="AppiumLibrary">
<arg>${buttonBookFlight}</arg>
<doc>Verifies that element identified with locator is visible.</doc>
<status status="PASS" starttime="20240112 10:51:45.861" endtime="20240112 10:51:45.940"/>
</kw>
<status status="PASS" starttime="20240112 10:51:44.199" endtime="20240112 10:51:45.941"/>
</kw>
<kw name="Select Book Button" library="bookPage">
<kw name="Wait Until Element Is Visible" library="AppiumLibrary">
<arg>${buttonBookFlight}</arg>
<doc>Waits until element specified with `locator` is visible.</doc>
<status status="PASS" starttime="20240112 10:51:45.942" endtime="20240112 10:51:46.028"/>
</kw>
<kw name="Click Element" library="AppiumLibrary">
<arg>${buttonBookFlight}</arg>
<doc>Click element identified by `locator`.</doc>
<msg timestamp="20240112 10:51:46.034" level="INFO">Clicking element '//android.widget.Button[@resource-id="com.example.myapplication:id/book_flight"]'.</msg>
<status status="PASS" starttime="20240112 10:51:46.028" endtime="20240112 10:51:46.143"/>
</kw>
<status status="PASS" starttime="20240112 10:51:45.941" endtime="20240112 10:51:46.144"/>
</kw>
<kw name="Verify Confirmation Screen" library="bookPage">
<kw name="Wait Until Element Is Visible" library="AppiumLibrary">
<arg>${textConfirmation}</arg>
<doc>Waits until element specified with `locator` is visible.</doc>
<status status="PASS" starttime="20240112 10:51:46.145" endtime="20240112 10:51:46.865"/>
</kw>
<kw name="Page Should Contain Text" library="AppiumLibrary">
<arg>${textConfirm1}</arg>
<doc>Verifies that current page contains `text`.</doc>
<msg timestamp="20240112 10:51:46.918" level="INFO">Current page contains text 'Click on the price to confirm your booking'.</msg>
<status status="PASS" starttime="20240112 10:51:46.865" endtime="20240112 10:51:46.918"/>
</kw>
<kw name="Element Should Be Visible" library="AppiumLibrary">
<arg>${textFrom}</arg>
<doc>Verifies that element identified with locator is visible.</doc>
<status status="PASS" starttime="20240112 10:51:46.918" endtime="20240112 10:51:46.998"/>
</kw>
<kw name="Element Should Be Visible" library="AppiumLibrary">
<arg>${textTo}</arg>
<doc>Verifies that element identified with locator is visible.</doc>
<status status="PASS" starttime="20240112 10:51:46.999" endtime="20240112 10:51:47.083"/>
</kw>
<kw name="Element Should Be Visible" library="AppiumLibrary">
<arg>${buttonConfirm}</arg>
<doc>Verifies that element identified with locator is visible.</doc>
<status status="PASS" starttime="20240112 10:51:47.084" endtime="20240112 10:51:47.164"/>
</kw>
<status status="PASS" starttime="20240112 10:51:46.145" endtime="20240112 10:51:47.164"/>
</kw>
<kw name="Click Button Confirm" library="bookPage">
<kw name="Wait Until Element Is Visible" library="AppiumLibrary">
<arg>${buttonConfirm}</arg>
<doc>Waits until element specified with `locator` is visible.</doc>
<status status="PASS" starttime="20240112 10:51:47.165" endtime="20240112 10:51:47.263"/>
</kw>
<kw name="Click Element" library="AppiumLibrary">
<arg>${buttonConfirm}</arg>
<doc>Click element identified by `locator`.</doc>
<msg timestamp="20240112 10:51:47.271" level="INFO">Clicking element '//android.widget.Button[@resource-id="com.example.myapplication:id/confirm_order"]'.</msg>
<status status="PASS" starttime="20240112 10:51:47.264" endtime="20240112 10:51:47.446"/>
</kw>
<status status="PASS" starttime="20240112 10:51:47.164" endtime="20240112 10:51:47.446"/>
</kw>
<kw name="Verify Screen After Book Flight" library="bookPage">
<kw name="Wait Until Element Is Visible" library="AppiumLibrary">
<arg>${successBookFlight}</arg>
<doc>Waits until element specified with `locator` is visible.</doc>
<status status="PASS" starttime="20240112 10:51:47.448" endtime="20240112 10:51:48.101"/>
</kw>
<kw name="Page Should Contain Text" library="AppiumLibrary">
<arg>${textSUccessPage1}</arg>
<doc>Verifies that current page contains `text`.</doc>
<msg timestamp="20240112 10:51:48.130" level="INFO">Current page contains text 'Your flight is booked. Reservation number is CADX2214'.</msg>
<status status="PASS" starttime="20240112 10:51:48.101" endtime="20240112 10:51:48.130"/>
</kw>
<status status="PASS" starttime="20240112 10:51:47.446" endtime="20240112 10:51:48.130"/>
</kw>
<kw name="Screenshoot Book Flight" library="bookPage">
<kw name="Capture Page Screenshot" library="AppiumLibrary">
<doc>Takes a screenshot of the current page and embeds it into the log.</doc>
<msg timestamp="20240112 10:51:48.712" level="INFO" html="true">&lt;/td&gt;&lt;/tr&gt;&lt;tr&gt;&lt;td colspan="3"&gt;&lt;a href="appium-screenshot-3.png"&gt;&lt;img src="appium-screenshot-3.png" width="800px"&gt;&lt;/a&gt;</msg>
<status status="PASS" starttime="20240112 10:51:48.132" endtime="20240112 10:51:48.712"/>
</kw>
<status status="PASS" starttime="20240112 10:51:48.131" endtime="20240112 10:51:48.712"/>
</kw>
<kw name="Close NG Apps" library="base" type="TEARDOWN">
<kw name="Close Application" library="AppiumLibrary">
<doc>Closes the current application and also close webdriver session.</doc>
<status status="PASS" starttime="20240112 10:51:48.714" endtime="20240112 10:51:49.206"/>
</kw>
<status status="PASS" starttime="20240112 10:51:48.713" endtime="20240112 10:51:49.207"/>
</kw>
<status status="PASS" starttime="20240112 10:51:31.345" endtime="20240112 10:51:49.207"/>
</test>
<status status="PASS" starttime="20240112 10:50:28.732" endtime="20240112 10:51:49.209"/>
</suite>
<suite id="s1-s2" name="Login" source="C:\Users\AVOWS\Desktop\Sanber52-Quiz4-Kelompok2\suites\login.robot">
<test id="s1-s2-t1" name="TC001 Verify Success Login - with Input Valid Username and Password" line="9">
<kw name="Open NG Apps" library="base" type="SETUP">
<kw name="Open Application" library="AppiumLibrary">
<arg>remote_url=${REMOTE_URL}</arg>
<arg>platformName=${PLATFORM_NAME}</arg>
<arg>platformVersion=${PLATFORM_VERSION}</arg>
<arg>deviceName=${DEVICE_NAME}</arg>
<arg>appPackage=${APP_PACKAGE}</arg>
<arg>appActivity=${APP_ACTIVITY}</arg>
<doc>Opens a new application to given Appium server.
Capabilities of appium server, Android and iOS,
Please check https://github.com/appium/appium/blob/master/docs/en/writing-running-appium/server-args.md
| *Option*            | *Man.* | *Description*     |
| remote_url          | Yes    | Appium server url |
| alias               | no     | alias             |</doc>
<status status="PASS" starttime="20240112 10:51:49.236" endtime="20240112 10:51:56.376"/>
</kw>
<status status="PASS" starttime="20240112 10:51:49.235" endtime="20240112 10:51:56.376"/>
</kw>
<kw name="Verify Home Page" library="homePage">
<kw name="Wait Until Element Is Visible" library="AppiumLibrary">
<arg>${homePage}</arg>
<doc>Waits until element specified with `locator` is visible.</doc>
<status status="PASS" starttime="20240112 10:51:56.377" endtime="20240112 10:51:57.579"/>
</kw>
<kw name="Element Should Be Visible" library="AppiumLibrary">
<arg>${bookButton}</arg>
<doc>Verifies that element identified with locator is visible.</doc>
<status status="PASS" starttime="20240112 10:51:57.579" endtime="20240112 10:51:57.688"/>
</kw>
<kw name="Element Should Be Visible" library="AppiumLibrary">
<arg>${searchButton}</arg>
<doc>Verifies that element identified with locator is visible.</doc>
<status status="PASS" starttime="20240112 10:51:57.688" endtime="20240112 10:51:57.788"/>
</kw>
<kw name="Element Should Be Visible" library="AppiumLibrary">
<arg>${checkInButton}</arg>
<doc>Verifies that element identified with locator is visible.</doc>
<status status="PASS" starttime="20240112 10:51:57.788" endtime="20240112 10:51:57.888"/>
</kw>
<status status="PASS" starttime="20240112 10:51:56.377" endtime="20240112 10:51:57.888"/>
</kw>
<kw name="Click Sign In Button On Home Page" library="homePage">
<kw name="Wait Until Element Is Visible" library="AppiumLibrary">
<arg>${loginButton}</arg>
<doc>Waits until element specified with `locator` is visible.</doc>
<status status="PASS" starttime="20240112 10:51:57.889" endtime="20240112 10:51:57.979"/>
</kw>
<kw name="Click Element" library="AppiumLibrary">
<arg>${loginButton}</arg>
<doc>Click element identified by `locator`.</doc>
<msg timestamp="20240112 10:51:57.983" level="INFO">Clicking element '//android.widget.Button[@resource-id="com.example.myapplication:id/login"]'.</msg>
<status status="PASS" starttime="20240112 10:51:57.979" endtime="20240112 10:51:58.107"/>
</kw>
<status status="PASS" starttime="20240112 10:51:57.889" endtime="20240112 10:51:58.107"/>
</kw>
<kw name="Verify signIn Page" library="loginPage">
<kw name="Wait Until Element Is Visible" library="AppiumLibrary">
<arg>${fieldUsername}</arg>
<doc>Waits until element specified with `locator` is visible.</doc>
<status status="PASS" starttime="20240112 10:51:58.109" endtime="20240112 10:51:59.240"/>
</kw>
<kw name="Wait Until Element Is Visible" library="AppiumLibrary">
<arg>${fieldPassword}</arg>
<doc>Waits until element specified with `locator` is visible.</doc>
<status status="PASS" starttime="20240112 10:51:59.240" endtime="20240112 10:51:59.306"/>
</kw>
<kw name="Wait Until Element Is Visible" library="AppiumLibrary">
<arg>${SignInButton}</arg>
<doc>Waits until element specified with `locator` is visible.</doc>
<status status="PASS" starttime="20240112 10:51:59.307" endtime="20240112 10:51:59.375"/>
</kw>
<kw name="Page Should Contain Text" library="AppiumLibrary">
<arg>${TEXT1}</arg>
<doc>Verifies that current page contains `text`.</doc>
<msg timestamp="20240112 10:51:59.421" level="INFO">Current page contains text 'Enter username'.</msg>
<status status="PASS" starttime="20240112 10:51:59.375" endtime="20240112 10:51:59.421"/>
</kw>
<kw name="Page Should Contain Text" library="AppiumLibrary">
<arg>${TEXT2}</arg>
<doc>Verifies that current page contains `text`.</doc>
<msg timestamp="20240112 10:51:59.458" level="INFO">Current page contains text 'Enter password'.</msg>
<status status="PASS" starttime="20240112 10:51:59.421" endtime="20240112 10:51:59.458"/>
</kw>
<kw name="Element Should Be Enabled" library="AppiumLibrary">
<arg>${SignInButton}</arg>
<doc>Verifies that element identified with locator is enabled.</doc>
<msg timestamp="20240112 10:51:59.532" level="INFO">Element '//android.widget.Button[@resource-id="com.example.myapplication:id/signIn"]' is enabled .</msg>
<status status="PASS" starttime="20240112 10:51:59.459" endtime="20240112 10:51:59.533"/>
</kw>
<status status="PASS" starttime="20240112 10:51:58.108" endtime="20240112 10:51:59.533"/>
</kw>
<kw name="Input Username for Login" library="loginPage">
<arg>${VALID_USERNAME}</arg>
<kw name="Input Text" library="AppiumLibrary">
<arg>${fieldUsername}</arg>
<arg>${username}</arg>
<doc>Types the given `text` into text field identified by `locator`.</doc>
<msg timestamp="20240112 10:51:59.539" level="INFO">Typing text 'support@ngendigital.com' into text field '//android.widget.EditText[@resource-id="com.example.myapplication:id/username"]'</msg>
<status status="PASS" starttime="20240112 10:51:59.534" endtime="20240112 10:51:59.660"/>
</kw>
<status status="PASS" starttime="20240112 10:51:59.533" endtime="20240112 10:51:59.660"/>
</kw>
<kw name="Input Password for Login" library="loginPage">
<arg>${VALID_PASSWORD}</arg>
<kw name="Input Text" library="AppiumLibrary">
<arg>${fieldPassword}</arg>
<arg>${password}</arg>
<doc>Types the given `text` into text field identified by `locator`.</doc>
<msg timestamp="20240112 10:51:59.668" level="INFO">Typing text 'abc123' into text field '//android.widget.EditText[@resource-id="com.example.myapplication:id/password"]'</msg>
<status status="PASS" starttime="20240112 10:51:59.663" endtime="20240112 10:52:00.215"/>
</kw>
<status status="PASS" starttime="20240112 10:51:59.661" endtime="20240112 10:52:00.216"/>
</kw>
<kw name="Click Button Sign In" library="loginPage">
<kw name="Click Element" library="AppiumLibrary">
<arg>${SignInButton}</arg>
<doc>Click element identified by `locator`.</doc>
<msg timestamp="20240112 10:52:00.220" level="INFO">Clicking element '//android.widget.Button[@resource-id="com.example.myapplication:id/signIn"]'.</msg>
<status status="PASS" starttime="20240112 10:52:00.217" endtime="20240112 10:52:00.804"/>
</kw>
<status status="PASS" starttime="20240112 10:52:00.216" endtime="20240112 10:52:00.804"/>
</kw>
<kw name="Verify Page After Login" library="homePage">
<kw name="Wait Until Element Is Visible" library="AppiumLibrary">
<arg>${userLogin}</arg>
<doc>Waits until element specified with `locator` is visible.</doc>
<status status="PASS" starttime="20240112 10:52:00.805" endtime="20240112 10:52:01.507"/>
</kw>
<status status="PASS" starttime="20240112 10:52:00.805" endtime="20240112 10:52:01.507"/>
</kw>
<kw name="Screenshoot Page Login" library="loginPage">
<kw name="Capture Page Screenshot" library="AppiumLibrary">
<doc>Takes a screenshot of the current page and embeds it into the log.</doc>
<msg timestamp="20240112 10:52:02.360" level="INFO" html="true">&lt;/td&gt;&lt;/tr&gt;&lt;tr&gt;&lt;td colspan="3"&gt;&lt;a href="appium-screenshot-4.png"&gt;&lt;img src="appium-screenshot-4.png" width="800px"&gt;&lt;/a&gt;</msg>
<status status="PASS" starttime="20240112 10:52:01.508" endtime="20240112 10:52:02.360"/>
</kw>
<status status="PASS" starttime="20240112 10:52:01.508" endtime="20240112 10:52:02.361"/>
</kw>
<kw name="Close NG Apps" library="base" type="TEARDOWN">
<kw name="Close Application" library="AppiumLibrary">
<doc>Closes the current application and also close webdriver session.</doc>
<status status="PASS" starttime="20240112 10:52:02.362" endtime="20240112 10:52:02.871"/>
</kw>
<status status="PASS" starttime="20240112 10:52:02.362" endtime="20240112 10:52:02.871"/>
</kw>
<status status="PASS" starttime="20240112 10:51:49.234" endtime="20240112 10:52:02.872"/>
</test>
<test id="s1-s2-t2" name="TC002 Verify Failed Login - with Input Invalid Username" line="27">
<kw name="Open NG Apps" library="base" type="SETUP">
<kw name="Open Application" library="AppiumLibrary">
<arg>remote_url=${REMOTE_URL}</arg>
<arg>platformName=${PLATFORM_NAME}</arg>
<arg>platformVersion=${PLATFORM_VERSION}</arg>
<arg>deviceName=${DEVICE_NAME}</arg>
<arg>appPackage=${APP_PACKAGE}</arg>
<arg>appActivity=${APP_ACTIVITY}</arg>
<doc>Opens a new application to given Appium server.
Capabilities of appium server, Android and iOS,
Please check https://github.com/appium/appium/blob/master/docs/en/writing-running-appium/server-args.md
| *Option*            | *Man.* | *Description*     |
| remote_url          | Yes    | Appium server url |
| alias               | no     | alias             |</doc>
<status status="PASS" starttime="20240112 10:52:02.874" endtime="20240112 10:52:11.120"/>
</kw>
[...]
<arg>${fieldUsername}</arg>
<arg>${username}</arg>
<doc>Types the given `text` into text field identified by `locator`.</doc>
<msg timestamp="20240112 10:52:49.896" level="INFO">Typing text 'support@ngendigital.com' into text field '//android.widget.EditText[@resource-id="com.example.myapplication:id/username"]'</msg>
<status status="PASS" starttime="20240112 10:52:49.891" endtime="20240112 10:52:50.013"/>
</kw>
<status status="PASS" starttime="20240112 10:52:49.890" endtime="20240112 10:52:50.013"/>
</kw>
<kw name="Input Password for Login" library="loginPage">
<arg>${VALID_PASSWORD}</arg>
<kw name="Input Text" library="AppiumLibrary">
<arg>${fieldPassword}</arg>
<arg>${password}</arg>
<doc>Types the given `text` into text field identified by `locator`.</doc>
<msg timestamp="20240112 10:52:50.019" level="INFO">Typing text 'abc123' into text field '//android.widget.EditText[@resource-id="com.example.myapplication:id/password"]'</msg>
<status status="PASS" starttime="20240112 10:52:50.015" endtime="20240112 10:52:50.576"/>
</kw>
<status status="PASS" starttime="20240112 10:52:50.014" endtime="20240112 10:52:50.576"/>
</kw>
<kw name="Password is Empty" library="loginPage">
<kw name="Clear Text" library="AppiumLibrary">
<arg>${fieldPassword}</arg>
<doc>Clears the text field identified by `locator`.</doc>
<msg timestamp="20240112 10:52:50.580" level="INFO">Clear text field '//android.widget.EditText[@resource-id="com.example.myapplication:id/password"]'</msg>
<status status="PASS" starttime="20240112 10:52:50.576" endtime="20240112 10:52:51.134"/>
</kw>
<status status="PASS" starttime="20240112 10:52:50.576" endtime="20240112 10:52:51.134"/>
</kw>
<kw name="Click Button Sign In" library="loginPage">
<kw name="Click Element" library="AppiumLibrary">
<arg>${SignInButton}</arg>
<doc>Click element identified by `locator`.</doc>
<msg timestamp="20240112 10:52:51.138" level="INFO">Clicking element '//android.widget.Button[@resource-id="com.example.myapplication:id/signIn"]'.</msg>
<status status="PASS" starttime="20240112 10:52:51.135" endtime="20240112 10:52:51.721"/>
</kw>
<status status="PASS" starttime="20240112 10:52:51.134" endtime="20240112 10:52:51.721"/>
</kw>
<kw name="Verify Error Message" library="loginPage">
<kw name="Wait Until Page Contains" library="AppiumLibrary">
<arg>${errorMessage1}</arg>
<doc>Waits until `text` appears on current page.</doc>
<status status="PASS" starttime="20240112 10:52:51.723" endtime="20240112 10:52:51.827"/>
</kw>
<status status="PASS" starttime="20240112 10:52:51.722" endtime="20240112 10:52:51.827"/>
</kw>
<kw name="Close NG Apps" library="base" type="TEARDOWN">
<kw name="Close Application" library="AppiumLibrary">
<doc>Closes the current application and also close webdriver session.</doc>
<status status="PASS" starttime="20240112 10:52:51.830" endtime="20240112 10:52:52.278"/>
</kw>
<status status="PASS" starttime="20240112 10:52:51.829" endtime="20240112 10:52:52.278"/>
</kw>
<status status="PASS" starttime="20240112 10:52:39.829" endtime="20240112 10:52:52.278"/>
</test>
<test id="s1-s2-t6" name="TC006 Verify Failed Login - with Input Invalid Username &amp; Password" line="95">
<kw name="Open NG Apps" library="base" type="SETUP">
<kw name="Open Application" library="AppiumLibrary">
<arg>remote_url=${REMOTE_URL}</arg>
<arg>platformName=${PLATFORM_NAME}</arg>
<arg>platformVersion=${PLATFORM_VERSION}</arg>
<arg>deviceName=${DEVICE_NAME}</arg>
<arg>appPackage=${APP_PACKAGE}</arg>
<arg>appActivity=${APP_ACTIVITY}</arg>
<doc>Opens a new application to given Appium server.
Capabilities of appium server, Android and iOS,
Please check https://github.com/appium/appium/blob/master/docs/en/writing-running-appium/server-args.md
| *Option*            | *Man.* | *Description*     |
| remote_url          | Yes    | Appium server url |
| alias               | no     | alias             |</doc>
<status status="PASS" starttime="20240112 10:52:52.281" endtime="20240112 10:52:59.447"/>
</kw>
<status status="PASS" starttime="20240112 10:52:52.281" endtime="20240112 10:52:59.447"/>
</kw>
<kw name="Verify Home Page" library="homePage">
<kw name="Wait Until Element Is Visible" library="AppiumLibrary">
<arg>${homePage}</arg>
<doc>Waits until element specified with `locator` is visible.</doc>
<status status="PASS" starttime="20240112 10:52:59.449" endtime="20240112 10:53:00.521"/>
</kw>
<kw name="Element Should Be Visible" library="AppiumLibrary">
<arg>${bookButton}</arg>
<doc>Verifies that element identified with locator is visible.</doc>
<status status="PASS" starttime="20240112 10:53:00.522" endtime="20240112 10:53:00.605"/>
</kw>
<kw name="Element Should Be Visible" library="AppiumLibrary">
<arg>${searchButton}</arg>
<doc>Verifies that element identified with locator is visible.</doc>
<status status="PASS" starttime="20240112 10:53:00.605" endtime="20240112 10:53:00.708"/>
</kw>
<kw name="Element Should Be Visible" library="AppiumLibrary">
<arg>${checkInButton}</arg>
<doc>Verifies that element identified with locator is visible.</doc>
<status status="PASS" starttime="20240112 10:53:00.708" endtime="20240112 10:53:00.792"/>
</kw>
<status status="PASS" starttime="20240112 10:52:59.448" endtime="20240112 10:53:00.792"/>
</kw>
<kw name="Click Sign In Button On Home Page" library="homePage">
<kw name="Wait Until Element Is Visible" library="AppiumLibrary">
<arg>${loginButton}</arg>
<doc>Waits until element specified with `locator` is visible.</doc>
<status status="PASS" starttime="20240112 10:53:00.793" endtime="20240112 10:53:00.891"/>
</kw>
<kw name="Click Element" library="AppiumLibrary">
<arg>${loginButton}</arg>
<doc>Click element identified by `locator`.</doc>
<msg timestamp="20240112 10:53:00.895" level="INFO">Clicking element '//android.widget.Button[@resource-id="com.example.myapplication:id/login"]'.</msg>
<status status="PASS" starttime="20240112 10:53:00.891" endtime="20240112 10:53:01.020"/>
</kw>
<status status="PASS" starttime="20240112 10:53:00.793" endtime="20240112 10:53:01.020"/>
</kw>
<kw name="Verify signIn Page" library="loginPage">
<kw name="Wait Until Element Is Visible" library="AppiumLibrary">
<arg>${fieldUsername}</arg>
<doc>Waits until element specified with `locator` is visible.</doc>
<status status="PASS" starttime="20240112 10:53:01.022" endtime="20240112 10:53:01.798"/>
</kw>
<kw name="Wait Until Element Is Visible" library="AppiumLibrary">
<arg>${fieldPassword}</arg>
<doc>Waits until element specified with `locator` is visible.</doc>
<status status="PASS" starttime="20240112 10:53:01.798" endtime="20240112 10:53:01.881"/>
</kw>
<kw name="Wait Until Element Is Visible" library="AppiumLibrary">
<arg>${SignInButton}</arg>
<doc>Waits until element specified with `locator` is visible.</doc>
<status status="PASS" starttime="20240112 10:53:01.881" endtime="20240112 10:53:01.954"/>
</kw>
<kw name="Page Should Contain Text" library="AppiumLibrary">
<arg>${TEXT1}</arg>
<doc>Verifies that current page contains `text`.</doc>
<msg timestamp="20240112 10:53:02.011" level="INFO">Current page contains text 'Enter username'.</msg>
<status status="PASS" starttime="20240112 10:53:01.954" endtime="20240112 10:53:02.011"/>
</kw>
<kw name="Page Should Contain Text" library="AppiumLibrary">
<arg>${TEXT2}</arg>
<doc>Verifies that current page contains `text`.</doc>
<msg timestamp="20240112 10:53:02.059" level="INFO">Current page contains text 'Enter password'.</msg>
<status status="PASS" starttime="20240112 10:53:02.011" endtime="20240112 10:53:02.059"/>
</kw>
<kw name="Element Should Be Enabled" library="AppiumLibrary">
<arg>${SignInButton}</arg>
<doc>Verifies that element identified with locator is enabled.</doc>
<msg timestamp="20240112 10:53:02.131" level="INFO">Element '//android.widget.Button[@resource-id="com.example.myapplication:id/signIn"]' is enabled .</msg>
<status status="PASS" starttime="20240112 10:53:02.059" endtime="20240112 10:53:02.131"/>
</kw>
<status status="PASS" starttime="20240112 10:53:01.021" endtime="20240112 10:53:02.131"/>
</kw>
<kw name="Input Username for Login" library="loginPage">
<arg>${INVALID_USERNAME}</arg>
<kw name="Input Text" library="AppiumLibrary">
<arg>${fieldUsername}</arg>
<arg>${username}</arg>
<doc>Types the given `text` into text field identified by `locator`.</doc>
<msg timestamp="20240112 10:53:02.137" level="INFO">Typing text 'Testing' into text field '//android.widget.EditText[@resource-id="com.example.myapplication:id/username"]'</msg>
<status status="PASS" starttime="20240112 10:53:02.133" endtime="20240112 10:53:02.240"/>
</kw>
<status status="PASS" starttime="20240112 10:53:02.132" endtime="20240112 10:53:02.240"/>
</kw>
<kw name="Input Password for Login" library="loginPage">
<arg>${INVALID_PASSWORD}</arg>
<kw name="Input Text" library="AppiumLibrary">
<arg>${fieldPassword}</arg>
<arg>${password}</arg>
<doc>Types the given `text` into text field identified by `locator`.</doc>
<msg timestamp="20240112 10:53:02.245" level="INFO">Typing text 'Tetsing123' into text field '//android.widget.EditText[@resource-id="com.example.myapplication:id/password"]'</msg>
<status status="PASS" starttime="20240112 10:53:02.241" endtime="20240112 10:53:02.807"/>
</kw>
<status status="PASS" starttime="20240112 10:53:02.241" endtime="20240112 10:53:02.807"/>
</kw>
<kw name="Click Button Sign In" library="loginPage">
<kw name="Click Element" library="AppiumLibrary">
<arg>${SignInButton}</arg>
<doc>Click element identified by `locator`.</doc>
<msg timestamp="20240112 10:53:02.812" level="INFO">Clicking element '//android.widget.Button[@resource-id="com.example.myapplication:id/signIn"]'.</msg>
<status status="PASS" starttime="20240112 10:53:02.809" endtime="20240112 10:53:03.406"/>
</kw>
<status status="PASS" starttime="20240112 10:53:02.808" endtime="20240112 10:53:03.407"/>
</kw>
<kw name="Verify Error Message" library="loginPage">
<kw name="Wait Until Page Contains" library="AppiumLibrary">
<arg>${errorMessage1}</arg>
<doc>Waits until `text` appears on current page.</doc>
<status status="PASS" starttime="20240112 10:53:03.408" endtime="20240112 10:53:03.512"/>
</kw>
<status status="PASS" starttime="20240112 10:53:03.407" endtime="20240112 10:53:03.512"/>
</kw>
<kw name="Close NG Apps" library="base" type="TEARDOWN">
<kw name="Close Application" library="AppiumLibrary">
<doc>Closes the current application and also close webdriver session.</doc>
<status status="PASS" starttime="20240112 10:53:03.514" endtime="20240112 10:53:04.012"/>
</kw>
<status status="PASS" starttime="20240112 10:53:03.513" endtime="20240112 10:53:04.013"/>
</kw>
<status status="PASS" starttime="20240112 10:52:52.280" endtime="20240112 10:53:04.014"/>
</test>
<test id="s1-s2-t7" name="TC007 Verify Failed Login - Username &amp; Password is Empty" line="111">
<kw name="Open NG Apps" library="base" type="SETUP">
<kw name="Open Application" library="AppiumLibrary">
<arg>remote_url=${REMOTE_URL}</arg>
<arg>platformName=${PLATFORM_NAME}</arg>
<arg>platformVersion=${PLATFORM_VERSION}</arg>
<arg>deviceName=${DEVICE_NAME}</arg>
<arg>appPackage=${APP_PACKAGE}</arg>
<arg>appActivity=${APP_ACTIVITY}</arg>
<doc>Opens a new application to given Appium server.
Capabilities of appium server, Android and iOS,
Please check https://github.com/appium/appium/blob/master/docs/en/writing-running-appium/server-args.md
| *Option*            | *Man.* | *Description*     |
| remote_url          | Yes    | Appium server url |
| alias               | no     | alias             |</doc>
<status status="PASS" starttime="20240112 10:53:04.016" endtime="20240112 10:53:12.276"/>
</kw>
<status status="PASS" starttime="20240112 10:53:04.016" endtime="20240112 10:53:12.276"/>
</kw>
<kw name="Verify Home Page" library="homePage">
<kw name="Wait Until Element Is Visible" library="AppiumLibrary">
<arg>${homePage}</arg>
<doc>Waits until element specified with `locator` is visible.</doc>
<status status="PASS" starttime="20240112 10:53:12.277" endtime="20240112 10:53:13.423"/>
</kw>
<kw name="Element Should Be Visible" library="AppiumLibrary">
<arg>${bookButton}</arg>
<doc>Verifies that element identified with locator is visible.</doc>
<status status="PASS" starttime="20240112 10:53:13.423" endtime="20240112 10:53:13.521"/>
</kw>
<kw name="Element Should Be Visible" library="AppiumLibrary">
<arg>${searchButton}</arg>
<doc>Verifies that element identified with locator is visible.</doc>
<status status="PASS" starttime="20240112 10:53:13.521" endtime="20240112 10:53:13.623"/>
</kw>
<kw name="Element Should Be Visible" library="AppiumLibrary">
<arg>${checkInButton}</arg>
<doc>Verifies that element identified with locator is visible.</doc>
<status status="PASS" starttime="20240112 10:53:13.623" endtime="20240112 10:53:13.711"/>
</kw>
<status status="PASS" starttime="20240112 10:53:12.277" endtime="20240112 10:53:13.711"/>
</kw>
<kw name="Click Sign In Button On Home Page" library="homePage">
<kw name="Wait Until Element Is Visible" library="AppiumLibrary">
<arg>${loginButton}</arg>
<doc>Waits until element specified with `locator` is visible.</doc>
<status status="PASS" starttime="20240112 10:53:13.712" endtime="20240112 10:53:13.801"/>
</kw>
<kw name="Click Element" library="AppiumLibrary">
<arg>${loginButton}</arg>
<doc>Click element identified by `locator`.</doc>
<msg timestamp="20240112 10:53:13.804" level="INFO">Clicking element '//android.widget.Button[@resource-id="com.example.myapplication:id/login"]'.</msg>
<status status="PASS" starttime="20240112 10:53:13.801" endtime="20240112 10:53:13.922"/>
</kw>
<status status="PASS" starttime="20240112 10:53:13.711" endtime="20240112 10:53:13.922"/>
</kw>
<kw name="Verify signIn Page" library="loginPage">
<kw name="Wait Until Element Is Visible" library="AppiumLibrary">
<arg>${fieldUsername}</arg>
<doc>Waits until element specified with `locator` is visible.</doc>
<status status="PASS" starttime="20240112 10:53:13.923" endtime="20240112 10:53:14.694"/>
</kw>
<kw name="Wait Until Element Is Visible" library="AppiumLibrary">
<arg>${fieldPassword}</arg>
<doc>Waits until element specified with `locator` is visible.</doc>
<status status="PASS" starttime="20240112 10:53:14.695" endtime="20240112 10:53:14.785"/>
</kw>
<kw name="Wait Until Element Is Visible" library="AppiumLibrary">
<arg>${SignInButton}</arg>
<doc>Waits until element specified with `locator` is visible.</doc>
<status status="PASS" starttime="20240112 10:53:14.785" endtime="20240112 10:53:14.857"/>
</kw>
<kw name="Page Should Contain Text" library="AppiumLibrary">
<arg>${TEXT1}</arg>
<doc>Verifies that current page contains `text`.</doc>
<msg timestamp="20240112 10:53:14.909" level="INFO">Current page contains text 'Enter username'.</msg>
<status status="PASS" starttime="20240112 10:53:14.858" endtime="20240112 10:53:14.909"/>
</kw>
<kw name="Page Should Contain Text" library="AppiumLibrary">
<arg>${TEXT2}</arg>
<doc>Verifies that current page contains `text`.</doc>
<msg timestamp="20240112 10:53:14.951" level="INFO">Current page contains text 'Enter password'.</msg>
<status status="PASS" starttime="20240112 10:53:14.909" endtime="20240112 10:53:14.952"/>
</kw>
<kw name="Element Should Be Enabled" library="AppiumLibrary">
<arg>${SignInButton}</arg>
<doc>Verifies that element identified with locator is enabled.</doc>
<msg timestamp="20240112 10:53:15.028" level="INFO">Element '//android.widget.Button[@resource-id="com.example.myapplication:id/signIn"]' is enabled .</msg>
<status status="PASS" starttime="20240112 10:53:14.952" endtime="20240112 10:53:15.028"/>
</kw>
<status status="PASS" starttime="20240112 10:53:13.923" endtime="20240112 10:53:15.028"/>
</kw>
<kw name="Input Username for Login" library="loginPage">
<arg>${VALID_USERNAME}</arg>
<kw name="Input Text" library="AppiumLibrary">
<arg>${fieldUsername}</arg>
<arg>${username}</arg>
<doc>Types the given `text` into text field identified by `locator`.</doc>
<msg timestamp="20240112 10:53:15.034" level="INFO">Typing text 'support@ngendigital.com' into text field '//android.widget.EditText[@resource-id="com.example.myapplication:id/username"]'</msg>
<status status="PASS" starttime="20240112 10:53:15.030" endtime="20240112 10:53:15.132"/>
</kw>
<status status="PASS" starttime="20240112 10:53:15.029" endtime="20240112 10:53:15.132"/>
</kw>
<kw name="Input Password for Login" library="loginPage">
<arg>${VALID_PASSWORD}</arg>
<kw name="Input Text" library="AppiumLibrary">
<arg>${fieldPassword}</arg>
<arg>${password}</arg>
<doc>Types the given `text` into text field identified by `locator`.</doc>
<msg timestamp="20240112 10:53:15.138" level="INFO">Typing text 'abc123' into text field '//android.widget.EditText[@resource-id="com.example.myapplication:id/password"]'</msg>
<status status="PASS" starttime="20240112 10:53:15.133" endtime="20240112 10:53:15.702"/>
</kw>
<status status="PASS" starttime="20240112 10:53:15.133" endtime="20240112 10:53:15.703"/>
</kw>
<kw name="Username is Empty" library="loginPage">
<kw name="Clear Text" library="AppiumLibrary">
<arg>${fieldUsername}</arg>
<doc>Clears the text field identified by `locator`.</doc>
<msg timestamp="20240112 10:53:15.708" level="INFO">Clear text field '//android.widget.EditText[@resource-id="com.example.myapplication:id/username"]'</msg>
<status status="PASS" starttime="20240112 10:53:15.704" endtime="20240112 10:53:16.255"/>
</kw>
<status status="PASS" starttime="20240112 10:53:15.703" endtime="20240112 10:53:16.255"/>
</kw>
<kw name="Password is Empty" library="loginPage">
<kw name="Clear Text" library="AppiumLibrary">
<arg>${fieldPassword}</arg>
<doc>Clears the text field identified by `locator`.</doc>
<msg timestamp="20240112 10:53:16.259" level="INFO">Clear text field '//android.widget.EditText[@resource-id="com.example.myapplication:id/password"]'</msg>
<status status="PASS" starttime="20240112 10:53:16.256" endtime="20240112 10:53:16.811"/>
</kw>
<status status="PASS" starttime="20240112 10:53:16.256" endtime="20240112 10:53:16.811"/>
</kw>
<kw name="Click Button Sign In" library="loginPage">
<kw name="Click Element" library="AppiumLibrary">
<arg>${SignInButton}</arg>
<doc>Click element identified by `locator`.</doc>
<msg timestamp="20240112 10:53:16.816" level="INFO">Clicking element '//android.widget.Button[@resource-id="com.example.myapplication:id/signIn"]'.</msg>
<status status="PASS" starttime="20240112 10:53:16.812" endtime="20240112 10:53:17.421"/>
</kw>
<status status="PASS" starttime="20240112 10:53:16.812" endtime="20240112 10:53:17.421"/>
</kw>
<kw name="Verify Error Message" library="loginPage">
<kw name="Wait Until Page Contains" library="AppiumLibrary">
<arg>${errorMessage1}</arg>
<doc>Waits until `text` appears on current page.</doc>
<status status="PASS" starttime="20240112 10:53:17.423" endtime="20240112 10:53:17.533"/>
</kw>
<status status="PASS" starttime="20240112 10:53:17.422" endtime="20240112 10:53:17.534"/>
</kw>
<kw name="Close NG Apps" library="base" type="TEARDOWN">
<kw name="Close Application" library="AppiumLibrary">
<doc>Closes the current application and also close webdriver session.</doc>
<status status="PASS" starttime="20240112 10:53:17.535" endtime="20240112 10:53:18.016"/>
</kw>
<status status="PASS" starttime="20240112 10:53:17.534" endtime="20240112 10:53:18.016"/>
</kw>
<status status="PASS" starttime="20240112 10:53:04.014" endtime="20240112 10:53:18.017"/>
</test>
<status status="PASS" starttime="20240112 10:51:49.211" endtime="20240112 10:53:18.018"/>
</suite>
<status status="PASS" starttime="20240112 10:50:28.708" endtime="20240112 10:53:18.021"/>
</suite>
<statistics>
<total>
<stat pass="10" fail="0" skip="0">All Tests</stat>
</total>
<tag>
</tag>
<suite>
<stat pass="10" fail="0" skip="0" id="s1" name="Suites">Suites</stat>
<stat pass="3" fail="0" skip="0" id="s1-s1" name="bookFlight">Suites.bookFlight</stat>
<stat pass="7" fail="0" skip="0" id="s1-s2" name="Login">Suites.Login</stat>
</suite>
</statistics>
<errors>
</errors>
</robot>
